{"C:\\cpp\\hacknplan-obsidian-glue\\src\\core\\client.ts": {"path":"C:\\cpp\\hacknplan-obsidian-glue\\src\\core\\client.ts","statementMap":{"0":{"start":{"line":38,"column":29},"end":{"line":38,"column":59}},"1":{"start":{"line":42,"column":4},"end":{"line":44,"column":5}},"2":{"start":{"line":43,"column":6},"end":{"line":43,"column":55}},"3":{"start":{"line":45,"column":4},"end":{"line":45,"column":25}},"4":{"start":{"line":59,"column":16},"end":{"line":59,"column":75}},"5":{"start":{"line":61,"column":21},"end":{"line":68,"column":6}},"6":{"start":{"line":70,"column":4},"end":{"line":73,"column":5}},"7":{"start":{"line":71,"column":19},"end":{"line":71,"column":40}},"8":{"start":{"line":72,"column":6},"end":{"line":72,"column":75}},"9":{"start":{"line":75,"column":4},"end":{"line":75,"column":61}},"10":{"start":{"line":91,"column":16},"end":{"line":91,"column":88}},"11":{"start":{"line":93,"column":21},"end":{"line":100,"column":6}},"12":{"start":{"line":102,"column":4},"end":{"line":105,"column":5}},"13":{"start":{"line":103,"column":19},"end":{"line":103,"column":40}},"14":{"start":{"line":104,"column":6},"end":{"line":104,"column":75}},"15":{"start":{"line":107,"column":4},"end":{"line":107,"column":61}},"16":{"start":{"line":121,"column":16},"end":{"line":121,"column":88}},"17":{"start":{"line":123,"column":21},"end":{"line":128,"column":6}},"18":{"start":{"line":130,"column":4},"end":{"line":132,"column":5}},"19":{"start":{"line":131,"column":6},"end":{"line":131,"column":18}},"20":{"start":{"line":134,"column":4},"end":{"line":137,"column":5}},"21":{"start":{"line":135,"column":19},"end":{"line":135,"column":40}},"22":{"start":{"line":136,"column":6},"end":{"line":136,"column":75}},"23":{"start":{"line":139,"column":4},"end":{"line":139,"column":61}},"24":{"start":{"line":149,"column":16},"end":{"line":149,"column":88}},"25":{"start":{"line":151,"column":21},"end":{"line":156,"column":6}},"26":{"start":{"line":158,"column":4},"end":{"line":161,"column":5}},"27":{"start":{"line":159,"column":19},"end":{"line":159,"column":40}},"28":{"start":{"line":160,"column":6},"end":{"line":160,"column":75}}},"fnMap":{"0":{"name":"(anonymous_0)","decl":{"start":{"line":41,"column":2},"end":{"line":41,"column":14}},"loc":{"start":{"line":41,"column":28},"end":{"line":46,"column":3}}},"1":{"name":"(anonymous_1)","decl":{"start":{"line":55,"column":2},"end":{"line":55,"column":7}},"loc":{"start":{"line":57,"column":39},"end":{"line":76,"column":3}}},"2":{"name":"(anonymous_2)","decl":{"start":{"line":86,"column":2},"end":{"line":86,"column":7}},"loc":{"start":{"line":89,"column":39},"end":{"line":108,"column":3}}},"3":{"name":"(anonymous_3)","decl":{"start":{"line":117,"column":2},"end":{"line":117,"column":7}},"loc":{"start":{"line":119,"column":21},"end":{"line":140,"column":3}}},"4":{"name":"(anonymous_4)","decl":{"start":{"line":148,"column":2},"end":{"line":148,"column":7}},"loc":{"start":{"line":148,"column":64},"end":{"line":162,"column":3}}}},"branchMap":{"0":{"loc":{"start":{"line":42,"column":4},"end":{"line":44,"column":5}},"type":"if","locations":[{"start":{"line":42,"column":4},"end":{"line":44,"column":5}}]},"1":{"loc":{"start":{"line":70,"column":4},"end":{"line":73,"column":5}},"type":"if","locations":[{"start":{"line":70,"column":4},"end":{"line":73,"column":5}}]},"2":{"loc":{"start":{"line":102,"column":4},"end":{"line":105,"column":5}},"type":"if","locations":[{"start":{"line":102,"column":4},"end":{"line":105,"column":5}}]},"3":{"loc":{"start":{"line":130,"column":4},"end":{"line":132,"column":5}},"type":"if","locations":[{"start":{"line":130,"column":4},"end":{"line":132,"column":5}}]},"4":{"loc":{"start":{"line":134,"column":4},"end":{"line":137,"column":5}},"type":"if","locations":[{"start":{"line":134,"column":4},"end":{"line":137,"column":5}}]},"5":{"loc":{"start":{"line":158,"column":4},"end":{"line":161,"column":5}},"type":"if","locations":[{"start":{"line":158,"column":4},"end":{"line":161,"column":5}}]},"6":{"loc":{"start":{"line":158,"column":8},"end":{"line":158,"column":47}},"type":"binary-expr","locations":[{"start":{"line":158,"column":8},"end":{"line":158,"column":20}},{"start":{"line":158,"column":24},"end":{"line":158,"column":47}}]}},"s":{"0":0,"1":0,"2":0,"3":0,"4":0,"5":0,"6":0,"7":0,"8":0,"9":0,"10":0,"11":0,"12":0,"13":0,"14":0,"15":0,"16":0,"17":0,"18":0,"19":0,"20":0,"21":0,"22":0,"23":0,"24":0,"25":0,"26":0,"27":0,"28":0},"f":{"0":0,"1":0,"2":0,"3":0,"4":0},"b":{"0":[0],"1":[0],"2":[0],"3":[0],"4":[0],"5":[0],"6":[0,0]}}
,"C:\\cpp\\hacknplan-obsidian-glue\\src\\core\\config.ts": {"path":"C:\\cpp\\hacknplan-obsidian-glue\\src\\core\\config.ts","statementMap":{"0":{"start":{"line":13,"column":2},"end":{"line":17,"column":4}},"1":{"start":{"line":15,"column":31},"end":{"line":15,"column":58}},"2":{"start":{"line":24,"column":2},"end":{"line":36,"column":3}},"3":{"start":{"line":25,"column":4},"end":{"line":32,"column":5}},"4":{"start":{"line":26,"column":21},"end":{"line":26,"column":80}},"5":{"start":{"line":27,"column":6},"end":{"line":27,"column":97}},"6":{"start":{"line":28,"column":6},"end":{"line":28,"column":35}},"7":{"start":{"line":30,"column":6},"end":{"line":30,"column":78}},"8":{"start":{"line":31,"column":6},"end":{"line":31,"column":16}},"9":{"start":{"line":34,"column":4},"end":{"line":34,"column":75}},"10":{"start":{"line":35,"column":4},"end":{"line":35,"column":14}},"11":{"start":{"line":43,"column":2},"end":{"line":56,"column":3}},"12":{"start":{"line":44,"column":16},"end":{"line":44,"column":35}},"13":{"start":{"line":45,"column":4},"end":{"line":47,"column":5}},"14":{"start":{"line":46,"column":6},"end":{"line":46,"column":42}},"15":{"start":{"line":48,"column":31},"end":{"line":51,"column":6}},"16":{"start":{"line":52,"column":4},"end":{"line":52,"column":63}},"17":{"start":{"line":53,"column":4},"end":{"line":53,"column":58}},"18":{"start":{"line":55,"column":4},"end":{"line":55,"column":75}},"19":{"start":{"line":63,"column":28},"end":{"line":63,"column":50}},"20":{"start":{"line":65,"column":2},"end":{"line":133,"column":4}},"21":{"start":{"line":70,"column":6},"end":{"line":70,"column":61}},"22":{"start":{"line":70,"column":34},"end":{"line":70,"column":59}},"23":{"start":{"line":77,"column":6},"end":{"line":77,"column":69}},"24":{"start":{"line":77,"column":34},"end":{"line":77,"column":67}},"25":{"start":{"line":84,"column":6},"end":{"line":84,"column":27}},"26":{"start":{"line":92,"column":6},"end":{"line":92,"column":75}},"27":{"start":{"line":92,"column":40},"end":{"line":92,"column":73}},"28":{"start":{"line":93,"column":6},"end":{"line":93,"column":29}},"29":{"start":{"line":100,"column":21},"end":{"line":100,"column":36}},"30":{"start":{"line":101,"column":6},"end":{"line":101,"column":67}},"31":{"start":{"line":101,"column":40},"end":{"line":101,"column":65}},"32":{"start":{"line":102,"column":6},"end":{"line":102,"column":38}},"33":{"start":{"line":109,"column":22},"end":{"line":109,"column":69}},"34":{"start":{"line":109,"column":43},"end":{"line":109,"column":68}},"35":{"start":{"line":110,"column":6},"end":{"line":110,"column":32}},"36":{"start":{"line":110,"column":20},"end":{"line":110,"column":32}},"37":{"start":{"line":112,"column":6},"end":{"line":112,"column":82}},"38":{"start":{"line":112,"column":34},"end":{"line":112,"column":82}},"39":{"start":{"line":113,"column":6},"end":{"line":113,"column":73}},"40":{"start":{"line":113,"column":31},"end":{"line":113,"column":73}},"41":{"start":{"line":114,"column":6},"end":{"line":114,"column":90}},"42":{"start":{"line":114,"column":46},"end":{"line":114,"column":90}},"43":{"start":{"line":115,"column":6},"end":{"line":115,"column":51}},"44":{"start":{"line":117,"column":6},"end":{"line":117,"column":21}},"45":{"start":{"line":124,"column":6},"end":{"line":124,"column":39}},"46":{"start":{"line":131,"column":6},"end":{"line":131,"column":40}}},"fnMap":{"0":{"name":"getConfigPath","decl":{"start":{"line":12,"column":16},"end":{"line":12,"column":29}},"loc":{"start":{"line":12,"column":29},"end":{"line":18,"column":1}}},"1":{"name":"(anonymous_1)","decl":{"start":{"line":15,"column":22},"end":{"line":15,"column":23}},"loc":{"start":{"line":15,"column":31},"end":{"line":15,"column":58}}},"2":{"name":"loadConfig","decl":{"start":{"line":23,"column":16},"end":{"line":23,"column":26}},"loc":{"start":{"line":23,"column":45},"end":{"line":37,"column":1}}},"3":{"name":"saveConfig","decl":{"start":{"line":42,"column":16},"end":{"line":42,"column":26}},"loc":{"start":{"line":42,"column":66},"end":{"line":57,"column":1}}},"4":{"name":"createPairingManager","decl":{"start":{"line":62,"column":16},"end":{"line":62,"column":36}},"loc":{"start":{"line":62,"column":55},"end":{"line":134,"column":1}}},"5":{"name":"(anonymous_5)","decl":{"start":{"line":69,"column":4},"end":{"line":69,"column":14}},"loc":{"start":{"line":69,"column":32},"end":{"line":71,"column":5}}},"6":{"name":"(anonymous_6)","decl":{"start":{"line":70,"column":27},"end":{"line":70,"column":28}},"loc":{"start":{"line":70,"column":34},"end":{"line":70,"column":59}}},"7":{"name":"(anonymous_7)","decl":{"start":{"line":76,"column":4},"end":{"line":76,"column":21}},"loc":{"start":{"line":76,"column":39},"end":{"line":78,"column":5}}},"8":{"name":"(anonymous_8)","decl":{"start":{"line":77,"column":27},"end":{"line":77,"column":28}},"loc":{"start":{"line":77,"column":34},"end":{"line":77,"column":67}}},"9":{"name":"(anonymous_9)","decl":{"start":{"line":83,"column":4},"end":{"line":83,"column":18}},"loc":{"start":{"line":83,"column":18},"end":{"line":85,"column":5}}},"10":{"name":"(anonymous_10)","decl":{"start":{"line":90,"column":4},"end":{"line":90,"column":14}},"loc":{"start":{"line":90,"column":31},"end":{"line":94,"column":5}}},"11":{"name":"(anonymous_11)","decl":{"start":{"line":92,"column":33},"end":{"line":92,"column":34}},"loc":{"start":{"line":92,"column":40},"end":{"line":92,"column":73}}},"12":{"name":"(anonymous_12)","decl":{"start":{"line":99,"column":4},"end":{"line":99,"column":17}},"loc":{"start":{"line":99,"column":35},"end":{"line":103,"column":5}}},"13":{"name":"(anonymous_13)","decl":{"start":{"line":101,"column":33},"end":{"line":101,"column":34}},"loc":{"start":{"line":101,"column":40},"end":{"line":101,"column":65}}},"14":{"name":"(anonymous_14)","decl":{"start":{"line":108,"column":4},"end":{"line":108,"column":17}},"loc":{"start":{"line":108,"column":62},"end":{"line":118,"column":5}}},"15":{"name":"(anonymous_15)","decl":{"start":{"line":109,"column":36},"end":{"line":109,"column":37}},"loc":{"start":{"line":109,"column":43},"end":{"line":109,"column":68}}},"16":{"name":"(anonymous_16)","decl":{"start":{"line":123,"column":4},"end":{"line":123,"column":14}},"loc":{"start":{"line":123,"column":14},"end":{"line":125,"column":5}}},"17":{"name":"(anonymous_17)","decl":{"start":{"line":130,"column":4},"end":{"line":130,"column":16}},"loc":{"start":{"line":130,"column":16},"end":{"line":132,"column":5}}}},"branchMap":{"0":{"loc":{"start":{"line":14,"column":4},"end":{"line":16,"column":43}},"type":"binary-expr","locations":[{"start":{"line":14,"column":4},"end":{"line":14,"column":32}},{"start":{"line":15,"column":4},"end":{"line":15,"column":74}},{"start":{"line":16,"column":4},"end":{"line":16,"column":43}}]},"1":{"loc":{"start":{"line":25,"column":4},"end":{"line":32,"column":5}},"type":"if","locations":[{"start":{"line":25,"column":4},"end":{"line":32,"column":5}},{"start":{"line":29,"column":11},"end":{"line":32,"column":5}}]},"2":{"loc":{"start":{"line":27,"column":37},"end":{"line":27,"column":65}},"type":"binary-expr","locations":[{"start":{"line":27,"column":37},"end":{"line":27,"column":60}},{"start":{"line":27,"column":64},"end":{"line":27,"column":65}}]},"3":{"loc":{"start":{"line":28,"column":13},"end":{"line":28,"column":34}},"type":"binary-expr","locations":[{"start":{"line":28,"column":13},"end":{"line":28,"column":28}},{"start":{"line":28,"column":32},"end":{"line":28,"column":34}}]},"4":{"loc":{"start":{"line":45,"column":4},"end":{"line":47,"column":5}},"type":"if","locations":[{"start":{"line":45,"column":4},"end":{"line":47,"column":5}}]},"5":{"loc":{"start":{"line":110,"column":6},"end":{"line":110,"column":32}},"type":"if","locations":[{"start":{"line":110,"column":6},"end":{"line":110,"column":32}}]},"6":{"loc":{"start":{"line":112,"column":6},"end":{"line":112,"column":82}},"type":"if","locations":[{"start":{"line":112,"column":6},"end":{"line":112,"column":82}}]},"7":{"loc":{"start":{"line":113,"column":6},"end":{"line":113,"column":73}},"type":"if","locations":[{"start":{"line":113,"column":6},"end":{"line":113,"column":73}}]},"8":{"loc":{"start":{"line":114,"column":6},"end":{"line":114,"column":90}},"type":"if","locations":[{"start":{"line":114,"column":6},"end":{"line":114,"column":90}}]}},"s":{"0":0,"1":0,"2":0,"3":0,"4":0,"5":0,"6":0,"7":0,"8":0,"9":0,"10":0,"11":0,"12":0,"13":0,"14":0,"15":0,"16":0,"17":0,"18":0,"19":0,"20":0,"21":0,"22":0,"23":0,"24":0,"25":0,"26":0,"27":0,"28":0,"29":0,"30":0,"31":0,"32":0,"33":0,"34":0,"35":0,"36":0,"37":0,"38":0,"39":0,"40":0,"41":0,"42":0,"43":0,"44":0,"45":0,"46":0},"f":{"0":0,"1":0,"2":0,"3":0,"4":0,"5":0,"6":0,"7":0,"8":0,"9":0,"10":0,"11":0,"12":0,"13":0,"14":0,"15":0,"16":0,"17":0},"b":{"0":[0,0,0],"1":[0,0],"2":[0,0],"3":[0,0],"4":[0],"5":[0],"6":[0],"7":[0],"8":[0]}}
,"C:\\cpp\\hacknplan-obsidian-glue\\src\\lib\\conflict-resolver.ts": {"path":"C:\\cpp\\hacknplan-obsidian-glue\\src\\lib\\conflict-resolver.ts","statementMap":{"0":{"start":{"line":13,"column":0},"end":{"line":13,"column":41}},"1":{"start":{"line":66,"column":51},"end":{"line":66,"column":55}},"2":{"start":{"line":82,"column":4},"end":{"line":91,"column":5}},"3":{"start":{"line":83,"column":6},"end":{"line":90,"column":8}},"4":{"start":{"line":94,"column":33},"end":{"line":94,"column":53}},"5":{"start":{"line":95,"column":36},"end":{"line":95,"column":84}},"6":{"start":{"line":96,"column":33},"end":{"line":96,"column":71}},"7":{"start":{"line":99,"column":25},"end":{"line":99,"column":80}},"8":{"start":{"line":100,"column":29},"end":{"line":100,"column":97}},"9":{"start":{"line":102,"column":54},"end":{"line":102,"column":56}},"10":{"start":{"line":103,"column":4},"end":{"line":103,"column":51}},"11":{"start":{"line":103,"column":22},"end":{"line":103,"column":51}},"12":{"start":{"line":104,"column":4},"end":{"line":104,"column":59}},"13":{"start":{"line":104,"column":26},"end":{"line":104,"column":59}},"14":{"start":{"line":107,"column":4},"end":{"line":117,"column":5}},"15":{"start":{"line":108,"column":6},"end":{"line":116,"column":8}},"16":{"start":{"line":120,"column":4},"end":{"line":130,"column":5}},"17":{"start":{"line":121,"column":6},"end":{"line":129,"column":8}},"18":{"start":{"line":133,"column":4},"end":{"line":143,"column":5}},"19":{"start":{"line":134,"column":6},"end":{"line":142,"column":8}},"20":{"start":{"line":146,"column":4},"end":{"line":154,"column":6}},"21":{"start":{"line":165,"column":30},"end":{"line":165,"column":71}},"22":{"start":{"line":167,"column":28},"end":{"line":167,"column":62}},"23":{"start":{"line":169,"column":4},"end":{"line":180,"column":5}},"24":{"start":{"line":170,"column":21},"end":{"line":170,"column":68}},"25":{"start":{"line":171,"column":26},"end":{"line":171,"column":50}},"26":{"start":{"line":174,"column":6},"end":{"line":179,"column":7}},"27":{"start":{"line":174,"column":19},"end":{"line":174,"column":20}},"28":{"start":{"line":175,"column":21},"end":{"line":175,"column":35}},"29":{"start":{"line":177,"column":8},"end":{"line":177,"column":66}},"30":{"start":{"line":177,"column":57},"end":{"line":177,"column":66}},"31":{"start":{"line":178,"column":8},"end":{"line":178,"column":39}},"32":{"start":{"line":182,"column":4},"end":{"line":182,"column":28}},"33":{"start":{"line":198,"column":4},"end":{"line":222,"column":5}},"34":{"start":{"line":200,"column":8},"end":{"line":204,"column":10}},"35":{"start":{"line":207,"column":8},"end":{"line":211,"column":10}},"36":{"start":{"line":216,"column":30},"end":{"line":216,"column":88}},"37":{"start":{"line":217,"column":8},"end":{"line":221,"column":10}},"38":{"start":{"line":229,"column":4},"end":{"line":233,"column":19}},"39":{"start":{"line":240,"column":4},"end":{"line":240,"column":84}},"40":{"start":{"line":262,"column":19},"end":{"line":262,"column":81}},"41":{"start":{"line":265,"column":4},"end":{"line":267,"column":5}},"42":{"start":{"line":266,"column":6},"end":{"line":266,"column":84}},"43":{"start":{"line":269,"column":4},"end":{"line":269,"column":18}},"44":{"start":{"line":64,"column":0},"end":{"line":64,"column":13}},"45":{"start":{"line":276,"column":13},"end":{"line":276,"column":55}}},"fnMap":{"0":{"name":"(anonymous_0)","decl":{"start":{"line":76,"column":2},"end":{"line":76,"column":16}},"loc":{"start":{"line":79,"column":40},"end":{"line":155,"column":3}}},"1":{"name":"(anonymous_1)","decl":{"start":{"line":164,"column":2},"end":{"line":164,"column":21}},"loc":{"start":{"line":164,"column":68},"end":{"line":183,"column":3}}},"2":{"name":"(anonymous_2)","decl":{"start":{"line":193,"column":2},"end":{"line":193,"column":17}},"loc":{"start":{"line":196,"column":28},"end":{"line":223,"column":3}}},"3":{"name":"(anonymous_3)","decl":{"start":{"line":228,"column":10},"end":{"line":228,"column":31}},"loc":{"start":{"line":228,"column":78},"end":{"line":234,"column":3}}},"4":{"name":"(anonymous_4)","decl":{"start":{"line":239,"column":10},"end":{"line":239,"column":26}},"loc":{"start":{"line":239,"column":62},"end":{"line":241,"column":3}}},"5":{"name":"(anonymous_5)","decl":{"start":{"line":255,"column":2},"end":{"line":255,"column":24}},"loc":{"start":{"line":260,"column":29},"end":{"line":270,"column":3}}}},"branchMap":{"0":{"loc":{"start":{"line":82,"column":4},"end":{"line":91,"column":5}},"type":"if","locations":[{"start":{"line":82,"column":4},"end":{"line":91,"column":5}}]},"1":{"loc":{"start":{"line":103,"column":4},"end":{"line":103,"column":51}},"type":"if","locations":[{"start":{"line":103,"column":4},"end":{"line":103,"column":51}}]},"2":{"loc":{"start":{"line":104,"column":4},"end":{"line":104,"column":59}},"type":"if","locations":[{"start":{"line":104,"column":4},"end":{"line":104,"column":59}}]},"3":{"loc":{"start":{"line":107,"column":4},"end":{"line":117,"column":5}},"type":"if","locations":[{"start":{"line":107,"column":4},"end":{"line":117,"column":5}}]},"4":{"loc":{"start":{"line":107,"column":8},"end":{"line":107,"column":42}},"type":"binary-expr","locations":[{"start":{"line":107,"column":8},"end":{"line":107,"column":21}},{"start":{"line":107,"column":25},"end":{"line":107,"column":42}}]},"5":{"loc":{"start":{"line":120,"column":4},"end":{"line":130,"column":5}},"type":"if","locations":[{"start":{"line":120,"column":4},"end":{"line":130,"column":5}}]},"6":{"loc":{"start":{"line":120,"column":8},"end":{"line":120,"column":41}},"type":"binary-expr","locations":[{"start":{"line":120,"column":8},"end":{"line":120,"column":20}},{"start":{"line":120,"column":24},"end":{"line":120,"column":41}}]},"7":{"loc":{"start":{"line":133,"column":4},"end":{"line":143,"column":5}},"type":"if","locations":[{"start":{"line":133,"column":4},"end":{"line":143,"column":5}}]},"8":{"loc":{"start":{"line":133,"column":8},"end":{"line":133,"column":41}},"type":"binary-expr","locations":[{"start":{"line":133,"column":8},"end":{"line":133,"column":21}},{"start":{"line":133,"column":25},"end":{"line":133,"column":41}}]},"9":{"loc":{"start":{"line":170,"column":21},"end":{"line":170,"column":68}},"type":"cond-expr","locations":[{"start":{"line":170,"column":36},"end":{"line":170,"column":39}},{"start":{"line":170,"column":42},"end":{"line":170,"column":68}}]},"10":{"loc":{"start":{"line":170,"column":42},"end":{"line":170,"column":68}},"type":"cond-expr","locations":[{"start":{"line":170,"column":59},"end":{"line":170,"column":62}},{"start":{"line":170,"column":65},"end":{"line":170,"column":68}}]},"11":{"loc":{"start":{"line":177,"column":8},"end":{"line":177,"column":66}},"type":"if","locations":[{"start":{"line":177,"column":8},"end":{"line":177,"column":66}}]},"12":{"loc":{"start":{"line":177,"column":12},"end":{"line":177,"column":55}},"type":"binary-expr","locations":[{"start":{"line":177,"column":12},"end":{"line":177,"column":40}},{"start":{"line":177,"column":44},"end":{"line":177,"column":55}}]},"13":{"loc":{"start":{"line":198,"column":4},"end":{"line":222,"column":5}},"type":"switch","locations":[{"start":{"line":199,"column":6},"end":{"line":204,"column":10}},{"start":{"line":206,"column":6},"end":{"line":211,"column":10}},{"start":{"line":213,"column":6},"end":{"line":221,"column":10}}]},"14":{"loc":{"start":{"line":265,"column":4},"end":{"line":267,"column":5}},"type":"if","locations":[{"start":{"line":265,"column":4},"end":{"line":267,"column":5}}]},"15":{"loc":{"start":{"line":265,"column":8},"end":{"line":265,"column":90}},"type":"binary-expr","locations":[{"start":{"line":265,"column":8},"end":{"line":265,"column":26}},{"start":{"line":265,"column":30},"end":{"line":265,"column":56}},{"start":{"line":265,"column":60},"end":{"line":265,"column":90}}]}},"s":{"0":5,"1":5,"2":10,"3":1,"4":9,"5":9,"6":9,"7":9,"8":9,"9":9,"10":9,"11":5,"12":9,"13":5,"14":9,"15":3,"16":6,"17":1,"18":5,"19":1,"20":4,"21":6,"22":6,"23":6,"24":12,"25":12,"26":12,"27":12,"28":24,"29":24,"30":4,"31":20,"32":6,"33":5,"34":2,"35":2,"36":1,"37":1,"38":1,"39":18,"40":2,"41":2,"42":1,"43":2,"44":5,"45":5},"f":{"0":10,"1":6,"2":5,"3":1,"4":18,"5":2},"b":{"0":[1],"1":[5],"2":[5],"3":[3],"4":[9,4],"5":[1],"6":[6,5],"7":[1],"8":[5,1],"9":[4,8],"10":[4,4],"11":[4],"12":[24,12],"13":[2,2,1],"14":[1],"15":[2,1,1]}}
,"C:\\cpp\\hacknplan-obsidian-glue\\src\\lib\\file-watcher.ts": {"path":"C:\\cpp\\hacknplan-obsidian-glue\\src\\lib\\file-watcher.ts","statementMap":{"0":{"start":{"line":32,"column":62},"end":{"line":32,"column":66}},"1":{"start":{"line":33,"column":49},"end":{"line":33,"column":58}},"2":{"start":{"line":34,"column":37},"end":{"line":34,"column":41}},"3":{"start":{"line":36,"column":50},"end":{"line":36,"column":54}},"4":{"start":{"line":37,"column":33},"end":{"line":37,"column":34}},"5":{"start":{"line":38,"column":36},"end":{"line":38,"column":40}},"6":{"start":{"line":41,"column":4},"end":{"line":41,"column":12}},"7":{"start":{"line":42,"column":4},"end":{"line":42,"column":27}},"8":{"start":{"line":50,"column":4},"end":{"line":52,"column":5}},"9":{"start":{"line":51,"column":6},"end":{"line":51,"column":76}},"10":{"start":{"line":54,"column":4},"end":{"line":54,"column":52}},"11":{"start":{"line":55,"column":4},"end":{"line":55,"column":48}},"12":{"start":{"line":58,"column":4},"end":{"line":71,"column":7}},"13":{"start":{"line":74,"column":4},"end":{"line":76,"column":24}},"14":{"start":{"line":75,"column":6},"end":{"line":75,"column":32}},"15":{"start":{"line":79,"column":4},"end":{"line":87,"column":9}},"16":{"start":{"line":80,"column":39},"end":{"line":80,"column":73}},"17":{"start":{"line":81,"column":42},"end":{"line":81,"column":79}},"18":{"start":{"line":82,"column":42},"end":{"line":82,"column":79}},"19":{"start":{"line":83,"column":39},"end":{"line":83,"column":64}},"20":{"start":{"line":85,"column":8},"end":{"line":85,"column":81}},"21":{"start":{"line":86,"column":8},"end":{"line":86,"column":91}},"22":{"start":{"line":89,"column":4},"end":{"line":89,"column":56}},"23":{"start":{"line":96,"column":4},"end":{"line":98,"column":5}},"24":{"start":{"line":97,"column":6},"end":{"line":97,"column":13}},"25":{"start":{"line":101,"column":4},"end":{"line":103,"column":5}},"26":{"start":{"line":102,"column":6},"end":{"line":102,"column":32}},"27":{"start":{"line":105,"column":4},"end":{"line":105,"column":31}},"28":{"start":{"line":106,"column":4},"end":{"line":106,"column":24}},"29":{"start":{"line":107,"column":4},"end":{"line":107,"column":26}},"30":{"start":{"line":108,"column":4},"end":{"line":108,"column":29}},"31":{"start":{"line":109,"column":4},"end":{"line":109,"column":33}},"32":{"start":{"line":110,"column":4},"end":{"line":110,"column":26}},"33":{"start":{"line":111,"column":4},"end":{"line":111,"column":27}},"34":{"start":{"line":113,"column":4},"end":{"line":113,"column":25}},"35":{"start":{"line":121,"column":25},"end":{"line":121,"column":61}},"36":{"start":{"line":122,"column":31},"end":{"line":126,"column":6}},"37":{"start":{"line":129,"column":4},"end":{"line":129,"column":47}},"38":{"start":{"line":130,"column":4},"end":{"line":130,"column":39}},"39":{"start":{"line":132,"column":4},"end":{"line":132,"column":41}},"40":{"start":{"line":135,"column":4},"end":{"line":135,"column":30}},"41":{"start":{"line":143,"column":4},"end":{"line":145,"column":5}},"42":{"start":{"line":144,"column":6},"end":{"line":144,"column":13}},"43":{"start":{"line":147,"column":20},"end":{"line":147,"column":57}},"44":{"start":{"line":148,"column":4},"end":{"line":148,"column":29}},"45":{"start":{"line":150,"column":4},"end":{"line":150,"column":40}},"46":{"start":{"line":157,"column":4},"end":{"line":163,"column":6}},"47":{"start":{"line":170,"column":4},"end":{"line":170,"column":49}},"48":{"start":{"line":177,"column":4},"end":{"line":177,"column":33}}},"fnMap":{"0":{"name":"(anonymous_0)","decl":{"start":{"line":40,"column":2},"end":{"line":40,"column":null}},"loc":{"start":{"line":40,"column":2},"end":{"line":43,"column":3}}},"1":{"name":"(anonymous_1)","decl":{"start":{"line":49,"column":2},"end":{"line":49,"column":7}},"loc":{"start":{"line":49,"column":33},"end":{"line":90,"column":3}}},"2":{"name":"(anonymous_2)","decl":{"start":{"line":74,"column":37},"end":{"line":74,"column":40}},"loc":{"start":{"line":74,"column":42},"end":{"line":76,"column":5}}},"3":{"name":"(anonymous_3)","decl":{"start":{"line":80,"column":17},"end":{"line":80,"column":18}},"loc":{"start":{"line":80,"column":39},"end":{"line":80,"column":73}}},"4":{"name":"(anonymous_4)","decl":{"start":{"line":81,"column":20},"end":{"line":81,"column":21}},"loc":{"start":{"line":81,"column":42},"end":{"line":81,"column":79}}},"5":{"name":"(anonymous_5)","decl":{"start":{"line":82,"column":20},"end":{"line":82,"column":21}},"loc":{"start":{"line":82,"column":42},"end":{"line":82,"column":79}}},"6":{"name":"(anonymous_6)","decl":{"start":{"line":83,"column":19},"end":{"line":83,"column":20}},"loc":{"start":{"line":83,"column":39},"end":{"line":83,"column":64}}},"7":{"name":"(anonymous_7)","decl":{"start":{"line":84,"column":19},"end":{"line":84,"column":22}},"loc":{"start":{"line":84,"column":24},"end":{"line":87,"column":7}}},"8":{"name":"(anonymous_8)","decl":{"start":{"line":95,"column":2},"end":{"line":95,"column":7}},"loc":{"start":{"line":95,"column":12},"end":{"line":114,"column":3}}},"9":{"name":"(anonymous_9)","decl":{"start":{"line":120,"column":10},"end":{"line":120,"column":22}},"loc":{"start":{"line":120,"column":59},"end":{"line":136,"column":3}}},"10":{"name":"(anonymous_10)","decl":{"start":{"line":142,"column":10},"end":{"line":142,"column":28}},"loc":{"start":{"line":142,"column":28},"end":{"line":151,"column":3}}},"11":{"name":"(anonymous_11)","decl":{"start":{"line":156,"column":2},"end":{"line":156,"column":11}},"loc":{"start":{"line":156,"column":11},"end":{"line":164,"column":3}}},"12":{"name":"(anonymous_12)","decl":{"start":{"line":169,"column":2},"end":{"line":169,"column":19}},"loc":{"start":{"line":169,"column":19},"end":{"line":171,"column":3}}},"13":{"name":"(anonymous_13)","decl":{"start":{"line":176,"column":2},"end":{"line":176,"column":12}},"loc":{"start":{"line":176,"column":12},"end":{"line":178,"column":3}}}},"branchMap":{"0":{"loc":{"start":{"line":50,"column":4},"end":{"line":52,"column":5}},"type":"if","locations":[{"start":{"line":50,"column":4},"end":{"line":52,"column":5}}]},"1":{"loc":{"start":{"line":55,"column":22},"end":{"line":55,"column":47}},"type":"binary-expr","locations":[{"start":{"line":55,"column":22},"end":{"line":55,"column":39}},{"start":{"line":55,"column":43},"end":{"line":55,"column":47}}]},"2":{"loc":{"start":{"line":85,"column":40},"end":{"line":85,"column":72}},"type":"binary-expr","locations":[{"start":{"line":85,"column":40},"end":{"line":85,"column":66}},{"start":{"line":85,"column":70},"end":{"line":85,"column":72}}]},"3":{"loc":{"start":{"line":96,"column":4},"end":{"line":98,"column":5}},"type":"if","locations":[{"start":{"line":96,"column":4},"end":{"line":98,"column":5}}]},"4":{"loc":{"start":{"line":101,"column":4},"end":{"line":103,"column":5}},"type":"if","locations":[{"start":{"line":101,"column":4},"end":{"line":103,"column":5}}]},"5":{"loc":{"start":{"line":143,"column":4},"end":{"line":145,"column":5}},"type":"if","locations":[{"start":{"line":143,"column":4},"end":{"line":145,"column":5}}]}},"s":{"0":0,"1":0,"2":0,"3":0,"4":0,"5":0,"6":0,"7":0,"8":0,"9":0,"10":0,"11":0,"12":0,"13":0,"14":0,"15":0,"16":0,"17":0,"18":0,"19":0,"20":0,"21":0,"22":0,"23":0,"24":0,"25":0,"26":0,"27":0,"28":0,"29":0,"30":0,"31":0,"32":0,"33":0,"34":0,"35":0,"36":0,"37":0,"38":0,"39":0,"40":0,"41":0,"42":0,"43":0,"44":0,"45":0,"46":0,"47":0,"48":0},"f":{"0":0,"1":0,"2":0,"3":0,"4":0,"5":0,"6":0,"7":0,"8":0,"9":0,"10":0,"11":0,"12":0,"13":0},"b":{"0":[0],"1":[0,0],"2":[0,0],"3":[0],"4":[0],"5":[0]}}
,"C:\\cpp\\hacknplan-obsidian-glue\\src\\lib\\frontmatter.ts": {"path":"C:\\cpp\\hacknplan-obsidian-glue\\src\\lib\\frontmatter.ts","statementMap":{"0":{"start":{"line":36,"column":0},"end":{"line":36,"column":16}},"1":{"start":{"line":68,"column":0},"end":{"line":68,"column":16}},"2":{"start":{"line":101,"column":0},"end":{"line":101,"column":16}},"3":{"start":{"line":117,"column":0},"end":{"line":117,"column":16}},"4":{"start":{"line":130,"column":0},"end":{"line":130,"column":16}},"5":{"start":{"line":154,"column":0},"end":{"line":154,"column":16}},"6":{"start":{"line":11,"column":0},"end":{"line":11,"column":33}},"7":{"start":{"line":37,"column":2},"end":{"line":43,"column":3}},"8":{"start":{"line":38,"column":21},"end":{"line":38,"column":36}},"9":{"start":{"line":39,"column":4},"end":{"line":39,"column":31}},"10":{"start":{"line":42,"column":4},"end":{"line":42,"column":14}},"11":{"start":{"line":72,"column":2},"end":{"line":92,"column":3}},"12":{"start":{"line":73,"column":19},"end":{"line":73,"column":34}},"13":{"start":{"line":74,"column":20},"end":{"line":74,"column":50}},"14":{"start":{"line":75,"column":4},"end":{"line":75,"column":53}},"15":{"start":{"line":78,"column":18},"end":{"line":78,"column":25}},"16":{"start":{"line":79,"column":4},"end":{"line":87,"column":5}},"17":{"start":{"line":80,"column":6},"end":{"line":86,"column":7}},"18":{"start":{"line":81,"column":8},"end":{"line":85,"column":9}},"19":{"start":{"line":82,"column":10},"end":{"line":82,"column":57}},"20":{"start":{"line":84,"column":10},"end":{"line":84,"column":41}},"21":{"start":{"line":88,"column":4},"end":{"line":88,"column":22}},"22":{"start":{"line":89,"column":4},"end":{"line":89,"column":19}},"23":{"start":{"line":90,"column":4},"end":{"line":90,"column":24}},"24":{"start":{"line":91,"column":4},"end":{"line":91,"column":28}},"25":{"start":{"line":102,"column":2},"end":{"line":108,"column":3}},"26":{"start":{"line":103,"column":30},"end":{"line":103,"column":45}},"27":{"start":{"line":104,"column":4},"end":{"line":104,"column":16}},"28":{"start":{"line":107,"column":4},"end":{"line":107,"column":57}},"29":{"start":{"line":119,"column":17},"end":{"line":119,"column":43}},"30":{"start":{"line":121,"column":2},"end":{"line":121,"column":23}},"31":{"start":{"line":131,"column":2},"end":{"line":136,"column":3}},"32":{"start":{"line":132,"column":21},"end":{"line":132,"column":36}},"33":{"start":{"line":133,"column":4},"end":{"line":133,"column":40}},"34":{"start":{"line":135,"column":4},"end":{"line":135,"column":17}},"35":{"start":{"line":155,"column":21},"end":{"line":155,"column":48}},"36":{"start":{"line":156,"column":15},"end":{"line":156,"column":32}},"37":{"start":{"line":159,"column":2},"end":{"line":161,"column":3}},"38":{"start":{"line":160,"column":4},"end":{"line":160,"column":37}},"39":{"start":{"line":163,"column":2},"end":{"line":163,"column":26}}},"fnMap":{"0":{"name":"extractFrontmatter","decl":{"start":{"line":36,"column":16},"end":{"line":36,"column":34}},"loc":{"start":{"line":36,"column":50},"end":{"line":44,"column":1}}},"1":{"name":"updateFrontmatter","decl":{"start":{"line":68,"column":16},"end":{"line":68,"column":33}},"loc":{"start":{"line":70,"column":34},"end":{"line":93,"column":1}}},"2":{"name":"stripFrontmatter","decl":{"start":{"line":101,"column":16},"end":{"line":101,"column":32}},"loc":{"start":{"line":101,"column":48},"end":{"line":109,"column":1}}},"3":{"name":"generateFrontmatter","decl":{"start":{"line":117,"column":16},"end":{"line":117,"column":35}},"loc":{"start":{"line":117,"column":65},"end":{"line":122,"column":1}}},"4":{"name":"hasFrontmatter","decl":{"start":{"line":130,"column":16},"end":{"line":130,"column":30}},"loc":{"start":{"line":130,"column":46},"end":{"line":137,"column":1}}},"5":{"name":"extractTags","decl":{"start":{"line":154,"column":16},"end":{"line":154,"column":27}},"loc":{"start":{"line":154,"column":43},"end":{"line":164,"column":1}}}},"branchMap":{"0":{"loc":{"start":{"line":80,"column":6},"end":{"line":86,"column":7}},"type":"if","locations":[{"start":{"line":80,"column":6},"end":{"line":86,"column":7}}]},"1":{"loc":{"start":{"line":80,"column":10},"end":{"line":80,"column":47}},"type":"binary-expr","locations":[{"start":{"line":80,"column":10},"end":{"line":80,"column":24}},{"start":{"line":80,"column":28},"end":{"line":80,"column":47}}]},"2":{"loc":{"start":{"line":81,"column":8},"end":{"line":85,"column":9}},"type":"if","locations":[{"start":{"line":81,"column":8},"end":{"line":85,"column":9}},{"start":{"line":83,"column":15},"end":{"line":85,"column":9}}]}},"s":{"0":6,"1":6,"2":6,"3":6,"4":6,"5":6,"6":6,"7":28,"8":28,"9":27,"10":1,"11":82,"12":82,"13":4,"14":4,"15":78,"16":78,"17":210,"18":210,"19":0,"20":210,"21":78,"22":78,"23":78,"24":78,"25":83,"26":83,"27":83,"28":0,"29":4,"30":4,"31":4,"32":4,"33":4,"34":0,"35":12,"36":12,"37":12,"38":11,"39":12},"f":{"0":28,"1":82,"2":83,"3":4,"4":4,"5":12},"b":{"0":[210],"1":[210,210],"2":[0,210]}}
,"C:\\cpp\\hacknplan-obsidian-glue\\src\\lib\\single-file-sync.ts": {"path":"C:\\cpp\\hacknplan-obsidian-glue\\src\\lib\\single-file-sync.ts","statementMap":{"0":{"start":{"line":82,"column":0},"end":{"line":82,"column":7}},"1":{"start":{"line":8,"column":0},"end":{"line":8,"column":36}},"2":{"start":{"line":9,"column":0},"end":{"line":9,"column":35}},"3":{"start":{"line":10,"column":0},"end":{"line":10,"column":24}},"4":{"start":{"line":11,"column":0},"end":{"line":11,"column":72}},"5":{"start":{"line":15,"column":0},"end":{"line":15,"column":54}},"6":{"start":{"line":36,"column":23},"end":{"line":36,"column":65}},"7":{"start":{"line":37,"column":17},"end":{"line":37,"column":43}},"8":{"start":{"line":40,"column":2},"end":{"line":42,"column":3}},"9":{"start":{"line":41,"column":4},"end":{"line":41,"column":42}},"10":{"start":{"line":45,"column":2},"end":{"line":49,"column":3}},"11":{"start":{"line":46,"column":4},"end":{"line":48,"column":5}},"12":{"start":{"line":47,"column":6},"end":{"line":47,"column":20}},"13":{"start":{"line":51,"column":2},"end":{"line":51,"column":19}},"14":{"start":{"line":58,"column":27},"end":{"line":58,"column":29}},"15":{"start":{"line":60,"column":2},"end":{"line":65,"column":3}},"16":{"start":{"line":61,"column":18},"end":{"line":61,"column":42}},"17":{"start":{"line":62,"column":4},"end":{"line":64,"column":5}},"18":{"start":{"line":63,"column":6},"end":{"line":63,"column":25}},"19":{"start":{"line":67,"column":2},"end":{"line":67,"column":16}},"20":{"start":{"line":88,"column":20},"end":{"line":88,"column":30}},"21":{"start":{"line":90,"column":2},"end":{"line":156,"column":3}},"22":{"start":{"line":92,"column":21},"end":{"line":92,"column":26}},"23":{"start":{"line":93,"column":4},"end":{"line":99,"column":5}},"24":{"start":{"line":94,"column":6},"end":{"line":94,"column":27}},"25":{"start":{"line":95,"column":6},"end":{"line":95,"column":24}},"26":{"start":{"line":98,"column":6},"end":{"line":98,"column":86}},"27":{"start":{"line":102,"column":20},"end":{"line":102,"column":56}},"28":{"start":{"line":103,"column":24},"end":{"line":103,"column":51}},"29":{"start":{"line":104,"column":17},"end":{"line":104,"column":24}},"30":{"start":{"line":107,"column":19},"end":{"line":107,"column":82}},"31":{"start":{"line":108,"column":24},"end":{"line":108,"column":71}},"32":{"start":{"line":109,"column":18},"end":{"line":109,"column":54}},"33":{"start":{"line":112,"column":26},"end":{"line":112,"column":58}},"34":{"start":{"line":115,"column":4},"end":{"line":148,"column":5}},"35":{"start":{"line":117,"column":6},"end":{"line":126,"column":8}},"36":{"start":{"line":127,"column":11},"end":{"line":148,"column":5}},"37":{"start":{"line":129,"column":6},"end":{"line":139,"column":8}},"38":{"start":{"line":142,"column":6},"end":{"line":147,"column":8}},"39":{"start":{"line":150,"column":4},"end":{"line":155,"column":6}},"40":{"start":{"line":169,"column":24},"end":{"line":169,"column":56}},"41":{"start":{"line":171,"column":2},"end":{"line":184,"column":3}},"42":{"start":{"line":175,"column":4},"end":{"line":175,"column":39}},"43":{"start":{"line":176,"column":4},"end":{"line":176,"column":36}},"44":{"start":{"line":178,"column":4},"end":{"line":183,"column":6}},"45":{"start":{"line":186,"column":2},"end":{"line":190,"column":4}},"46":{"start":{"line":207,"column":17},"end":{"line":207,"column":59}},"47":{"start":{"line":208,"column":2},"end":{"line":215,"column":3}},"48":{"start":{"line":209,"column":4},"end":{"line":214,"column":6}},"49":{"start":{"line":218,"column":17},"end":{"line":218,"column":45}},"50":{"start":{"line":221,"column":36},"end":{"line":228,"column":4}},"51":{"start":{"line":231,"column":17},"end":{"line":237,"column":null}},"52":{"start":{"line":240,"column":2},"end":{"line":247,"column":3}},"53":{"start":{"line":241,"column":4},"end":{"line":246,"column":6}},"54":{"start":{"line":249,"column":25},"end":{"line":249,"column":52}},"55":{"start":{"line":250,"column":2},"end":{"line":255,"column":4}},"56":{"start":{"line":273,"column":17},"end":{"line":273,"column":45}},"57":{"start":{"line":276,"column":36},"end":{"line":282,"column":4}},"58":{"start":{"line":285,"column":17},"end":{"line":291,"column":null}},"59":{"start":{"line":294,"column":2},"end":{"line":301,"column":3}},"60":{"start":{"line":295,"column":4},"end":{"line":300,"column":6}},"61":{"start":{"line":303,"column":2},"end":{"line":308,"column":4}}},"fnMap":{"0":{"name":"determineTypeIdFromPath","decl":{"start":{"line":35,"column":9},"end":{"line":35,"column":32}},"loc":{"start":{"line":35,"column":67},"end":{"line":52,"column":1}}},"1":{"name":"resolveTagIds","decl":{"start":{"line":57,"column":9},"end":{"line":57,"column":22}},"loc":{"start":{"line":57,"column":55},"end":{"line":68,"column":1}}},"2":{"name":"syncSingleFile","decl":{"start":{"line":82,"column":22},"end":{"line":82,"column":36}},"loc":{"start":{"line":86,"column":25},"end":{"line":157,"column":1}}},"3":{"name":"handleFileDeleted","decl":{"start":{"line":162,"column":15},"end":{"line":162,"column":32}},"loc":{"start":{"line":167,"column":19},"end":{"line":191,"column":1}}},"4":{"name":"createNewFile","decl":{"start":{"line":196,"column":15},"end":{"line":196,"column":28}},"loc":{"start":{"line":204,"column":19},"end":{"line":256,"column":1}}},"5":{"name":"updateExistingFile","decl":{"start":{"line":261,"column":15},"end":{"line":261,"column":33}},"loc":{"start":{"line":270,"column":19},"end":{"line":309,"column":1}}}},"branchMap":{"0":{"loc":{"start":{"line":40,"column":2},"end":{"line":42,"column":3}},"type":"if","locations":[{"start":{"line":40,"column":2},"end":{"line":42,"column":3}}]},"1":{"loc":{"start":{"line":46,"column":4},"end":{"line":48,"column":5}},"type":"if","locations":[{"start":{"line":46,"column":4},"end":{"line":48,"column":5}}]},"2":{"loc":{"start":{"line":62,"column":4},"end":{"line":64,"column":5}},"type":"if","locations":[{"start":{"line":62,"column":4},"end":{"line":64,"column":5}}]},"3":{"loc":{"start":{"line":107,"column":19},"end":{"line":107,"column":82}},"type":"binary-expr","locations":[{"start":{"line":107,"column":19},"end":{"line":107,"column":48}},{"start":{"line":107,"column":52},"end":{"line":107,"column":82}}]},"4":{"loc":{"start":{"line":109,"column":18},"end":{"line":109,"column":54}},"type":"binary-expr","locations":[{"start":{"line":109,"column":18},"end":{"line":109,"column":48}},{"start":{"line":109,"column":52},"end":{"line":109,"column":54}}]},"5":{"loc":{"start":{"line":115,"column":4},"end":{"line":148,"column":5}},"type":"if","locations":[{"start":{"line":115,"column":4},"end":{"line":148,"column":5}},{"start":{"line":127,"column":11},"end":{"line":148,"column":5}}]},"6":{"loc":{"start":{"line":115,"column":8},"end":{"line":115,"column":38}},"type":"binary-expr","locations":[{"start":{"line":115,"column":8},"end":{"line":115,"column":20}},{"start":{"line":115,"column":24},"end":{"line":115,"column":38}}]},"7":{"loc":{"start":{"line":127,"column":11},"end":{"line":148,"column":5}},"type":"if","locations":[{"start":{"line":127,"column":11},"end":{"line":148,"column":5}},{"start":{"line":140,"column":11},"end":{"line":148,"column":5}}]},"8":{"loc":{"start":{"line":127,"column":15},"end":{"line":127,"column":43}},"type":"binary-expr","locations":[{"start":{"line":127,"column":15},"end":{"line":127,"column":26}},{"start":{"line":127,"column":30},"end":{"line":127,"column":43}}]},"9":{"loc":{"start":{"line":171,"column":2},"end":{"line":184,"column":3}},"type":"if","locations":[{"start":{"line":171,"column":2},"end":{"line":184,"column":3}}]},"10":{"loc":{"start":{"line":208,"column":2},"end":{"line":215,"column":3}},"type":"if","locations":[{"start":{"line":208,"column":2},"end":{"line":215,"column":3}}]},"11":{"loc":{"start":{"line":240,"column":2},"end":{"line":247,"column":3}},"type":"if","locations":[{"start":{"line":240,"column":2},"end":{"line":247,"column":3}}]},"12":{"loc":{"start":{"line":294,"column":2},"end":{"line":301,"column":3}},"type":"if","locations":[{"start":{"line":294,"column":2},"end":{"line":301,"column":3}}]}},"s":{"0":2,"1":2,"2":2,"3":2,"4":2,"5":2,"6":12,"7":12,"8":12,"9":10,"10":2,"11":6,"12":1,"13":1,"14":13,"15":13,"16":6,"17":6,"18":5,"19":13,"20":20,"21":20,"22":20,"23":20,"24":20,"25":18,"26":2,"27":18,"28":17,"29":16,"30":16,"31":16,"32":16,"33":16,"34":16,"35":12,"36":4,"37":2,"38":2,"39":3,"40":2,"41":2,"42":1,"43":1,"44":1,"45":1,"46":12,"47":12,"48":1,"49":11,"50":11,"51":11,"52":10,"53":1,"54":9,"55":9,"56":2,"57":2,"58":2,"59":2,"60":1,"61":1},"f":{"0":12,"1":13,"2":20,"3":2,"4":12,"5":2},"b":{"0":[10],"1":[1],"2":[5],"3":[16,1],"4":[16,12],"5":[12,4],"6":[16,13],"7":[2,2],"8":[4,3],"9":[1],"10":[1],"11":[1],"12":[1]}}
,"C:\\cpp\\hacknplan-obsidian-glue\\src\\lib\\sync-executor.ts": {"path":"C:\\cpp\\hacknplan-obsidian-glue\\src\\lib\\sync-executor.ts","statementMap":{"0":{"start":{"line":43,"column":0},"end":{"line":43,"column":7}},"1":{"start":{"line":64,"column":0},"end":{"line":64,"column":7}},"2":{"start":{"line":84,"column":0},"end":{"line":84,"column":7}},"3":{"start":{"line":159,"column":0},"end":{"line":159,"column":7}},"4":{"start":{"line":210,"column":0},"end":{"line":210,"column":7}},"5":{"start":{"line":264,"column":0},"end":{"line":264,"column":7}},"6":{"start":{"line":312,"column":0},"end":{"line":312,"column":7}},"7":{"start":{"line":8,"column":0},"end":{"line":8,"column":36}},"8":{"start":{"line":9,"column":0},"end":{"line":9,"column":35}},"9":{"start":{"line":18,"column":0},"end":{"line":18,"column":71}},"10":{"start":{"line":19,"column":0},"end":{"line":19,"column":58}},"11":{"start":{"line":47,"column":26},"end":{"line":47,"column":62}},"12":{"start":{"line":48,"column":25},"end":{"line":48,"column":68}},"13":{"start":{"line":51,"column":19},"end":{"line":51,"column":36}},"14":{"start":{"line":52,"column":2},"end":{"line":52,"column":56}},"15":{"start":{"line":53,"column":2},"end":{"line":53,"column":38}},"16":{"start":{"line":55,"column":2},"end":{"line":55,"column":25}},"17":{"start":{"line":65,"column":19},"end":{"line":65,"column":36}},"18":{"start":{"line":66,"column":2},"end":{"line":66,"column":57}},"19":{"start":{"line":67,"column":2},"end":{"line":67,"column":38}},"20":{"start":{"line":91,"column":56},"end":{"line":91,"column":60}},"21":{"start":{"line":92,"column":43},"end":{"line":92,"column":47}},"22":{"start":{"line":94,"column":2},"end":{"line":143,"column":3}},"23":{"start":{"line":96,"column":4},"end":{"line":100,"column":7}},"24":{"start":{"line":102,"column":4},"end":{"line":106,"column":7}},"25":{"start":{"line":109,"column":4},"end":{"line":113,"column":7}},"26":{"start":{"line":115,"column":4},"end":{"line":119,"column":7}},"27":{"start":{"line":122,"column":21},"end":{"line":122,"column":46}},"28":{"start":{"line":123,"column":42},"end":{"line":128,"column":6}},"29":{"start":{"line":129,"column":4},"end":{"line":129,"column":61}},"30":{"start":{"line":131,"column":4},"end":{"line":134,"column":7}},"31":{"start":{"line":136,"column":4},"end":{"line":136,"column":98}},"32":{"start":{"line":137,"column":4},"end":{"line":137,"column":41}},"33":{"start":{"line":140,"column":25},"end":{"line":140,"column":79}},"34":{"start":{"line":141,"column":4},"end":{"line":141,"column":80}},"35":{"start":{"line":142,"column":4},"end":{"line":142,"column":35}},"36":{"start":{"line":166,"column":2},"end":{"line":200,"column":3}},"37":{"start":{"line":168,"column":29},"end":{"line":171,"column":6}},"38":{"start":{"line":174,"column":4},"end":{"line":176,"column":7}},"39":{"start":{"line":179,"column":21},"end":{"line":179,"column":46}},"40":{"start":{"line":180,"column":42},"end":{"line":185,"column":6}},"41":{"start":{"line":186,"column":4},"end":{"line":186,"column":61}},"42":{"start":{"line":188,"column":4},"end":{"line":191,"column":7}},"43":{"start":{"line":193,"column":4},"end":{"line":193,"column":83}},"44":{"start":{"line":194,"column":4},"end":{"line":194,"column":41}},"45":{"start":{"line":197,"column":25},"end":{"line":197,"column":79}},"46":{"start":{"line":198,"column":4},"end":{"line":198,"column":80}},"47":{"start":{"line":199,"column":4},"end":{"line":199,"column":35}},"48":{"start":{"line":215,"column":2},"end":{"line":215,"column":77}},"49":{"start":{"line":218,"column":2},"end":{"line":253,"column":3}},"50":{"start":{"line":219,"column":18},"end":{"line":219,"column":38}},"51":{"start":{"line":221,"column":4},"end":{"line":252,"column":5}},"52":{"start":{"line":222,"column":6},"end":{"line":249,"column":7}},"53":{"start":{"line":224,"column":10},"end":{"line":227,"column":11}},"54":{"start":{"line":225,"column":12},"end":{"line":225,"column":73}},"55":{"start":{"line":226,"column":12},"end":{"line":226,"column":76}},"56":{"start":{"line":228,"column":10},"end":{"line":228,"column":16}},"57":{"start":{"line":233,"column":10},"end":{"line":240,"column":11}},"58":{"start":{"line":234,"column":12},"end":{"line":239,"column":13}},"59":{"start":{"line":235,"column":14},"end":{"line":235,"column":83}},"60":{"start":{"line":236,"column":14},"end":{"line":236,"column":87}},"61":{"start":{"line":238,"column":14},"end":{"line":238,"column":111}},"62":{"start":{"line":241,"column":10},"end":{"line":241,"column":16}},"63":{"start":{"line":244,"column":10},"end":{"line":247,"column":11}},"64":{"start":{"line":245,"column":12},"end":{"line":245,"column":53}},"65":{"start":{"line":246,"column":12},"end":{"line":246,"column":74}},"66":{"start":{"line":248,"column":10},"end":{"line":248,"column":16}},"67":{"start":{"line":251,"column":6},"end":{"line":251,"column":82}},"68":{"start":{"line":269,"column":24},"end":{"line":269,"column":58}},"69":{"start":{"line":272,"column":2},"end":{"line":274,"column":3}},"70":{"start":{"line":273,"column":4},"end":{"line":273,"column":56}},"71":{"start":{"line":277,"column":2},"end":{"line":279,"column":3}},"72":{"start":{"line":278,"column":4},"end":{"line":278,"column":79}},"73":{"start":{"line":281,"column":2},"end":{"line":295,"column":3}},"74":{"start":{"line":282,"column":21},"end":{"line":282,"column":43}},"75":{"start":{"line":283,"column":27},"end":{"line":286,"column":null}},"76":{"start":{"line":289,"column":4},"end":{"line":292,"column":6}},"77":{"start":{"line":294,"column":4},"end":{"line":294,"column":80}},"78":{"start":{"line":320,"column":59},"end":{"line":320,"column":66}},"79":{"start":{"line":321,"column":41},"end":{"line":321,"column":43}},"80":{"start":{"line":323,"column":38},"end":{"line":331,"column":4}},"81":{"start":{"line":334,"column":2},"end":{"line":362,"column":3}},"82":{"start":{"line":336,"column":26},"end":{"line":336,"column":63}},"83":{"start":{"line":337,"column":4},"end":{"line":341,"column":5}},"84":{"start":{"line":338,"column":6},"end":{"line":338,"column":25}},"85":{"start":{"line":339,"column":6},"end":{"line":339,"column":115}},"86":{"start":{"line":340,"column":6},"end":{"line":340,"column":15}},"87":{"start":{"line":343,"column":25},"end":{"line":343,"column":102}},"88":{"start":{"line":345,"column":4},"end":{"line":361,"column":5}},"89":{"start":{"line":346,"column":6},"end":{"line":346,"column":77}},"90":{"start":{"line":348,"column":6},"end":{"line":353,"column":7}},"91":{"start":{"line":349,"column":8},"end":{"line":351,"column":9}},"92":{"start":{"line":350,"column":10},"end":{"line":350,"column":69}},"93":{"start":{"line":352,"column":8},"end":{"line":352,"column":22}},"94":{"start":{"line":354,"column":11},"end":{"line":361,"column":5}},"95":{"start":{"line":355,"column":6},"end":{"line":355,"column":23}},"96":{"start":{"line":356,"column":6},"end":{"line":360,"column":9}},"97":{"start":{"line":365,"column":2},"end":{"line":385,"column":3}},"98":{"start":{"line":366,"column":25},"end":{"line":366,"column":102}},"99":{"start":{"line":368,"column":4},"end":{"line":384,"column":5}},"100":{"start":{"line":369,"column":6},"end":{"line":369,"column":77}},"101":{"start":{"line":371,"column":6},"end":{"line":376,"column":7}},"102":{"start":{"line":372,"column":8},"end":{"line":374,"column":9}},"103":{"start":{"line":373,"column":10},"end":{"line":373,"column":69}},"104":{"start":{"line":375,"column":8},"end":{"line":375,"column":22}},"105":{"start":{"line":377,"column":11},"end":{"line":384,"column":5}},"106":{"start":{"line":378,"column":6},"end":{"line":378,"column":23}},"107":{"start":{"line":379,"column":6},"end":{"line":383,"column":9}},"108":{"start":{"line":387,"column":2},"end":{"line":387,"column":16}}},"fnMap":{"0":{"name":"updateVaultFileFrontmatter","decl":{"start":{"line":43,"column":22},"end":{"line":43,"column":48}},"loc":{"start":{"line":45,"column":34},"end":{"line":56,"column":1}}},"1":{"name":"revertVaultFile","decl":{"start":{"line":64,"column":22},"end":{"line":64,"column":37}},"loc":{"start":{"line":64,"column":79},"end":{"line":68,"column":1}}},"2":{"name":"executeCreateOperation","decl":{"start":{"line":84,"column":22},"end":{"line":84,"column":44}},"loc":{"start":{"line":89,"column":32},"end":{"line":144,"column":1}}},"3":{"name":"executeUpdateOperation","decl":{"start":{"line":159,"column":22},"end":{"line":159,"column":44}},"loc":{"start":{"line":164,"column":32},"end":{"line":201,"column":1}}},"4":{"name":"rollbackOperations","decl":{"start":{"line":210,"column":22},"end":{"line":210,"column":40}},"loc":{"start":{"line":213,"column":25},"end":{"line":254,"column":1}}},"5":{"name":"checkOperationConflict","decl":{"start":{"line":264,"column":22},"end":{"line":264,"column":44}},"loc":{"start":{"line":267,"column":29},"end":{"line":296,"column":1}}},"6":{"name":"executeSyncBatch","decl":{"start":{"line":312,"column":22},"end":{"line":312,"column":38}},"loc":{"start":{"line":318,"column":68},"end":{"line":388,"column":1}}}},"branchMap":{"0":{"loc":{"start":{"line":140,"column":25},"end":{"line":140,"column":79}},"type":"cond-expr","locations":[{"start":{"line":140,"column":50},"end":{"line":140,"column":63}},{"start":{"line":140,"column":66},"end":{"line":140,"column":79}}]},"1":{"loc":{"start":{"line":197,"column":25},"end":{"line":197,"column":79}},"type":"cond-expr","locations":[{"start":{"line":197,"column":50},"end":{"line":197,"column":63}},{"start":{"line":197,"column":66},"end":{"line":197,"column":79}}]},"2":{"loc":{"start":{"line":222,"column":6},"end":{"line":249,"column":7}},"type":"switch","locations":[{"start":{"line":223,"column":8},"end":{"line":228,"column":16}},{"start":{"line":230,"column":8},"end":{"line":241,"column":16}},{"start":{"line":243,"column":8},"end":{"line":248,"column":16}}]},"3":{"loc":{"start":{"line":224,"column":10},"end":{"line":227,"column":11}},"type":"if","locations":[{"start":{"line":224,"column":10},"end":{"line":227,"column":11}}]},"4":{"loc":{"start":{"line":224,"column":14},"end":{"line":224,"column":53}},"type":"binary-expr","locations":[{"start":{"line":224,"column":14},"end":{"line":224,"column":28}},{"start":{"line":224,"column":32},"end":{"line":224,"column":53}}]},"5":{"loc":{"start":{"line":233,"column":10},"end":{"line":240,"column":11}},"type":"if","locations":[{"start":{"line":233,"column":10},"end":{"line":240,"column":11}}]},"6":{"loc":{"start":{"line":233,"column":14},"end":{"line":233,"column":60}},"type":"binary-expr","locations":[{"start":{"line":233,"column":14},"end":{"line":233,"column":20}},{"start":{"line":233,"column":24},"end":{"line":233,"column":39}},{"start":{"line":233,"column":43},"end":{"line":233,"column":60}}]},"7":{"loc":{"start":{"line":244,"column":10},"end":{"line":247,"column":11}},"type":"if","locations":[{"start":{"line":244,"column":10},"end":{"line":247,"column":11}}]},"8":{"loc":{"start":{"line":272,"column":2},"end":{"line":274,"column":3}},"type":"if","locations":[{"start":{"line":272,"column":2},"end":{"line":274,"column":3}}]},"9":{"loc":{"start":{"line":277,"column":2},"end":{"line":279,"column":3}},"type":"if","locations":[{"start":{"line":277,"column":2},"end":{"line":279,"column":3}}]},"10":{"loc":{"start":{"line":318,"column":2},"end":{"line":318,"column":68}},"type":"default-arg","locations":[{"start":{"line":318,"column":66},"end":{"line":318,"column":68}}]},"11":{"loc":{"start":{"line":320,"column":10},"end":{"line":320,"column":29}},"type":"default-arg","locations":[{"start":{"line":320,"column":24},"end":{"line":320,"column":29}}]},"12":{"loc":{"start":{"line":320,"column":31},"end":{"line":320,"column":54}},"type":"default-arg","locations":[{"start":{"line":320,"column":49},"end":{"line":320,"column":54}}]},"13":{"loc":{"start":{"line":337,"column":4},"end":{"line":341,"column":5}},"type":"if","locations":[{"start":{"line":337,"column":4},"end":{"line":341,"column":5}}]},"14":{"loc":{"start":{"line":345,"column":4},"end":{"line":361,"column":5}},"type":"if","locations":[{"start":{"line":345,"column":4},"end":{"line":361,"column":5}},{"start":{"line":354,"column":11},"end":{"line":361,"column":5}}]},"15":{"loc":{"start":{"line":348,"column":6},"end":{"line":353,"column":7}},"type":"if","locations":[{"start":{"line":348,"column":6},"end":{"line":353,"column":7}}]},"16":{"loc":{"start":{"line":349,"column":8},"end":{"line":351,"column":9}},"type":"if","locations":[{"start":{"line":349,"column":8},"end":{"line":351,"column":9}}]},"17":{"loc":{"start":{"line":354,"column":11},"end":{"line":361,"column":5}},"type":"if","locations":[{"start":{"line":354,"column":11},"end":{"line":361,"column":5}}]},"18":{"loc":{"start":{"line":368,"column":4},"end":{"line":384,"column":5}},"type":"if","locations":[{"start":{"line":368,"column":4},"end":{"line":384,"column":5}},{"start":{"line":377,"column":11},"end":{"line":384,"column":5}}]},"19":{"loc":{"start":{"line":371,"column":6},"end":{"line":376,"column":7}},"type":"if","locations":[{"start":{"line":371,"column":6},"end":{"line":376,"column":7}}]},"20":{"loc":{"start":{"line":372,"column":8},"end":{"line":374,"column":9}},"type":"if","locations":[{"start":{"line":372,"column":8},"end":{"line":374,"column":9}}]},"21":{"loc":{"start":{"line":377,"column":11},"end":{"line":384,"column":5}},"type":"if","locations":[{"start":{"line":377,"column":11},"end":{"line":384,"column":5}}]}},"s":{"0":4,"1":4,"2":4,"3":4,"4":4,"5":4,"6":4,"7":4,"8":4,"9":4,"10":4,"11":87,"12":87,"13":87,"14":87,"15":87,"16":87,"17":5,"18":5,"19":5,"20":77,"21":77,"22":77,"23":77,"24":71,"25":71,"26":71,"27":71,"28":71,"29":71,"30":71,"31":71,"32":71,"33":6,"34":6,"35":6,"36":15,"37":15,"38":14,"39":14,"40":14,"41":14,"42":14,"43":14,"44":14,"45":1,"46":1,"47":1,"48":9,"49":9,"50":17,"51":17,"52":17,"53":5,"54":4,"55":4,"56":5,"57":6,"58":5,"59":5,"60":5,"61":0,"62":6,"63":6,"64":6,"65":5,"66":5,"67":1,"68":5,"69":5,"70":2,"71":3,"72":1,"73":2,"74":2,"75":2,"76":2,"77":0,"78":13,"79":13,"80":13,"81":13,"82":75,"83":75,"84":1,"85":1,"86":1,"87":74,"88":74,"89":5,"90":5,"91":3,"92":2,"93":3,"94":69,"95":69,"96":69,"97":10,"98":13,"99":13,"100":0,"101":0,"102":0,"103":0,"104":0,"105":13,"106":13,"107":13,"108":10},"f":{"0":87,"1":5,"2":77,"3":15,"4":9,"5":5,"6":13},"b":{"0":[6,0],"1":[1,0],"2":[5,6,6],"3":[4],"4":[5,5],"5":[5],"6":[6,5,5],"7":[6],"8":[2],"9":[1],"10":[8],"11":[8],"12":[11],"13":[1],"14":[5,69],"15":[3],"16":[2],"17":[69],"18":[0,13],"19":[0],"20":[0],"21":[13]}}
,"C:\\cpp\\hacknplan-obsidian-glue\\src\\lib\\sync-queue.ts": {"path":"C:\\cpp\\hacknplan-obsidian-glue\\src\\lib\\sync-queue.ts","statementMap":{"0":{"start":{"line":1,"column":0},"end":{"line":1,"column":38}},"1":{"start":{"line":2,"column":0},"end":{"line":2,"column":29}},"2":{"start":{"line":56,"column":42},"end":{"line":56,"column":51}},"3":{"start":{"line":57,"column":36},"end":{"line":57,"column":45}},"4":{"start":{"line":58,"column":35},"end":{"line":58,"column":44}},"5":{"start":{"line":59,"column":43},"end":{"line":59,"column":52}},"6":{"start":{"line":66,"column":25},"end":{"line":66,"column":30}},"7":{"start":{"line":67,"column":39},"end":{"line":67,"column":41}},"8":{"start":{"line":68,"column":27},"end":{"line":68,"column":28}},"9":{"start":{"line":69,"column":41},"end":{"line":69,"column":45}},"10":{"start":{"line":72,"column":4},"end":{"line":72,"column":12}},"11":{"start":{"line":73,"column":4},"end":{"line":73,"column":43}},"12":{"start":{"line":74,"column":4},"end":{"line":74,"column":31}},"13":{"start":{"line":75,"column":4},"end":{"line":81,"column":6}},"14":{"start":{"line":82,"column":4},"end":{"line":82,"column":49}},"15":{"start":{"line":90,"column":4},"end":{"line":106,"column":5}},"16":{"start":{"line":91,"column":17},"end":{"line":91,"column":28}},"17":{"start":{"line":94,"column":6},"end":{"line":96,"column":7}},"18":{"start":{"line":95,"column":8},"end":{"line":95,"column":17}},"19":{"start":{"line":99,"column":6},"end":{"line":105,"column":9}},"20":{"start":{"line":108,"column":4},"end":{"line":108,"column":61}},"21":{"start":{"line":111,"column":4},"end":{"line":113,"column":5}},"22":{"start":{"line":112,"column":6},"end":{"line":112,"column":29}},"23":{"start":{"line":120,"column":4},"end":{"line":122,"column":5}},"24":{"start":{"line":121,"column":6},"end":{"line":121,"column":13}},"25":{"start":{"line":124,"column":4},"end":{"line":124,"column":29}},"26":{"start":{"line":125,"column":4},"end":{"line":125,"column":36}},"27":{"start":{"line":128,"column":4},"end":{"line":128,"column":47}},"28":{"start":{"line":131,"column":18},"end":{"line":131,"column":49}},"29":{"start":{"line":132,"column":21},"end":{"line":133,"column":null}},"30":{"start":{"line":133,"column":6},"end":{"line":133,"column":46}},"31":{"start":{"line":133,"column":23},"end":{"line":133,"column":45}},"32":{"start":{"line":136,"column":4},"end":{"line":136,"column":39}},"33":{"start":{"line":138,"column":4},"end":{"line":138,"column":30}},"34":{"start":{"line":139,"column":4},"end":{"line":142,"column":7}},"35":{"start":{"line":145,"column":4},"end":{"line":147,"column":5}},"36":{"start":{"line":146,"column":6},"end":{"line":146,"column":29}},"37":{"start":{"line":154,"column":22},"end":{"line":154,"column":32}},"38":{"start":{"line":155,"column":4},"end":{"line":155,"column":31}},"39":{"start":{"line":156,"column":4},"end":{"line":156,"column":33}},"40":{"start":{"line":158,"column":4},"end":{"line":224,"column":5}},"41":{"start":{"line":159,"column":6},"end":{"line":159,"column":75}},"42":{"start":{"line":163,"column":33},"end":{"line":163,"column":70}},"43":{"start":{"line":165,"column":21},"end":{"line":169,"column":null}},"44":{"start":{"line":173,"column":6},"end":{"line":175,"column":7}},"45":{"start":{"line":174,"column":8},"end":{"line":174,"column":55}},"46":{"start":{"line":178,"column":6},"end":{"line":178,"column":38}},"47":{"start":{"line":179,"column":6},"end":{"line":179,"column":34}},"48":{"start":{"line":180,"column":6},"end":{"line":180,"column":28}},"49":{"start":{"line":181,"column":6},"end":{"line":181,"column":40}},"50":{"start":{"line":183,"column":23},"end":{"line":183,"column":45}},"51":{"start":{"line":184,"column":6},"end":{"line":184,"column":43}},"52":{"start":{"line":185,"column":6},"end":{"line":187,"column":7}},"53":{"start":{"line":186,"column":8},"end":{"line":186,"column":38}},"54":{"start":{"line":189,"column":6},"end":{"line":189,"column":61}},"55":{"start":{"line":191,"column":6},"end":{"line":191,"column":38}},"56":{"start":{"line":194,"column":6},"end":{"line":223,"column":7}},"57":{"start":{"line":197,"column":10},"end":{"line":198,"column":68}},"58":{"start":{"line":200,"column":8},"end":{"line":200,"column":23}},"59":{"start":{"line":201,"column":8},"end":{"line":201,"column":39}},"60":{"start":{"line":203,"column":8},"end":{"line":208,"column":11}},"61":{"start":{"line":211,"column":8},"end":{"line":211,"column":32}},"62":{"start":{"line":212,"column":8},"end":{"line":212,"column":38}},"63":{"start":{"line":215,"column":8},"end":{"line":215,"column":39}},"64":{"start":{"line":216,"column":8},"end":{"line":216,"column":39}},"65":{"start":{"line":218,"column":8},"end":{"line":222,"column":11}},"66":{"start":{"line":232,"column":6},"end":{"line":234,"column":11}},"67":{"start":{"line":233,"column":49},"end":{"line":233,"column":54}},"68":{"start":{"line":236,"column":4},"end":{"line":244,"column":6}},"69":{"start":{"line":251,"column":4},"end":{"line":251,"column":44}},"70":{"start":{"line":258,"column":24},"end":{"line":258,"column":56}},"71":{"start":{"line":259,"column":4},"end":{"line":259,"column":24}},"72":{"start":{"line":261,"column":4},"end":{"line":265,"column":5}},"73":{"start":{"line":262,"column":6},"end":{"line":262,"column":23}},"74":{"start":{"line":263,"column":6},"end":{"line":263,"column":33}},"75":{"start":{"line":264,"column":6},"end":{"line":264,"column":36}},"76":{"start":{"line":267,"column":4},"end":{"line":267,"column":61}},"77":{"start":{"line":269,"column":4},"end":{"line":271,"column":5}},"78":{"start":{"line":270,"column":6},"end":{"line":270,"column":29}},"79":{"start":{"line":278,"column":18},"end":{"line":278,"column":34}},"80":{"start":{"line":279,"column":4},"end":{"line":279,"column":24}},"81":{"start":{"line":280,"column":4},"end":{"line":280,"column":43}},"82":{"start":{"line":287,"column":4},"end":{"line":287,"column":30}},"83":{"start":{"line":288,"column":4},"end":{"line":288,"column":24}},"84":{"start":{"line":295,"column":4},"end":{"line":297,"column":5}},"85":{"start":{"line":296,"column":6},"end":{"line":296,"column":29}},"86":{"start":{"line":298,"column":4},"end":{"line":298,"column":25}},"87":{"start":{"line":305,"column":4},"end":{"line":305,"column":29}},"88":{"start":{"line":312,"column":4},"end":{"line":312,"column":61}},"89":{"start":{"line":312,"column":36},"end":{"line":312,"column":59}},"90":{"start":{"line":55,"column":0},"end":{"line":55,"column":13}}},"fnMap":{"0":{"name":"(anonymous_10)","decl":{"start":{"line":71,"column":2},"end":{"line":71,"column":14}},"loc":{"start":{"line":71,"column":101},"end":{"line":83,"column":3}}},"1":{"name":"(anonymous_11)","decl":{"start":{"line":89,"column":2},"end":{"line":89,"column":12}},"loc":{"start":{"line":89,"column":52},"end":{"line":114,"column":3}}},"2":{"name":"(anonymous_12)","decl":{"start":{"line":119,"column":10},"end":{"line":119,"column":15}},"loc":{"start":{"line":119,"column":31},"end":{"line":148,"column":3}}},"3":{"name":"(anonymous_13)","decl":{"start":{"line":132,"column":31},"end":{"line":132,"column":32}},"loc":{"start":{"line":133,"column":6},"end":{"line":133,"column":46}}},"4":{"name":"(anonymous_14)","decl":{"start":{"line":133,"column":17},"end":{"line":133,"column":20}},"loc":{"start":{"line":133,"column":23},"end":{"line":133,"column":45}}},"5":{"name":"(anonymous_15)","decl":{"start":{"line":153,"column":10},"end":{"line":153,"column":15}},"loc":{"start":{"line":153,"column":43},"end":{"line":225,"column":3}}},"6":{"name":"(anonymous_16)","decl":{"start":{"line":163,"column":33},"end":{"line":163,"column":46}},"loc":{"start":{"line":163,"column":33},"end":{"line":163,"column":70}}},"7":{"name":"(anonymous_17)","decl":{"start":{"line":230,"column":2},"end":{"line":230,"column":10}},"loc":{"start":{"line":230,"column":10},"end":{"line":245,"column":3}}},"8":{"name":"(anonymous_18)","decl":{"start":{"line":233,"column":39},"end":{"line":233,"column":40}},"loc":{"start":{"line":233,"column":49},"end":{"line":233,"column":54}}},"9":{"name":"(anonymous_19)","decl":{"start":{"line":250,"column":2},"end":{"line":250,"column":16}},"loc":{"start":{"line":250,"column":16},"end":{"line":252,"column":3}}},"10":{"name":"(anonymous_20)","decl":{"start":{"line":257,"column":2},"end":{"line":257,"column":13}},"loc":{"start":{"line":257,"column":13},"end":{"line":272,"column":3}}},"11":{"name":"(anonymous_21)","decl":{"start":{"line":277,"column":2},"end":{"line":277,"column":13}},"loc":{"start":{"line":277,"column":13},"end":{"line":281,"column":3}}},"12":{"name":"(anonymous_22)","decl":{"start":{"line":286,"column":2},"end":{"line":286,"column":7}},"loc":{"start":{"line":286,"column":7},"end":{"line":289,"column":3}}},"13":{"name":"(anonymous_23)","decl":{"start":{"line":294,"column":2},"end":{"line":294,"column":8}},"loc":{"start":{"line":294,"column":8},"end":{"line":299,"column":3}}},"14":{"name":"(anonymous_24)","decl":{"start":{"line":304,"column":2},"end":{"line":304,"column":10}},"loc":{"start":{"line":304,"column":10},"end":{"line":306,"column":3}}},"15":{"name":"(anonymous_25)","decl":{"start":{"line":311,"column":10},"end":{"line":311,"column":15}},"loc":{"start":{"line":311,"column":26},"end":{"line":313,"column":3}}},"16":{"name":"(anonymous_26)","decl":{"start":{"line":312,"column":23},"end":{"line":312,"column":24}},"loc":{"start":{"line":312,"column":36},"end":{"line":312,"column":59}}}},"branchMap":{"0":{"loc":{"start":{"line":71,"column":73},"end":{"line":71,"column":101}},"type":"default-arg","locations":[{"start":{"line":71,"column":99},"end":{"line":71,"column":101}}]},"1":{"loc":{"start":{"line":76,"column":19},"end":{"line":76,"column":42}},"type":"binary-expr","locations":[{"start":{"line":76,"column":19},"end":{"line":76,"column":37}},{"start":{"line":76,"column":41},"end":{"line":76,"column":42}}]},"2":{"loc":{"start":{"line":77,"column":18},"end":{"line":77,"column":40}},"type":"binary-expr","locations":[{"start":{"line":77,"column":18},"end":{"line":77,"column":35}},{"start":{"line":77,"column":39},"end":{"line":77,"column":40}}]},"3":{"loc":{"start":{"line":78,"column":20},"end":{"line":78,"column":47}},"type":"binary-expr","locations":[{"start":{"line":78,"column":20},"end":{"line":78,"column":39}},{"start":{"line":78,"column":43},"end":{"line":78,"column":47}}]},"4":{"loc":{"start":{"line":79,"column":30},"end":{"line":79,"column":64}},"type":"binary-expr","locations":[{"start":{"line":79,"column":30},"end":{"line":79,"column":59}},{"start":{"line":79,"column":63},"end":{"line":79,"column":64}}]},"5":{"loc":{"start":{"line":80,"column":20},"end":{"line":80,"column":47}},"type":"binary-expr","locations":[{"start":{"line":80,"column":20},"end":{"line":80,"column":39}},{"start":{"line":80,"column":43},"end":{"line":80,"column":47}}]},"6":{"loc":{"start":{"line":94,"column":6},"end":{"line":96,"column":7}},"type":"if","locations":[{"start":{"line":94,"column":6},"end":{"line":96,"column":7}}]},"7":{"loc":{"start":{"line":94,"column":10},"end":{"line":94,"column":56}},"type":"binary-expr","locations":[{"start":{"line":94,"column":10},"end":{"line":94,"column":33}},{"start":{"line":94,"column":37},"end":{"line":94,"column":56}}]},"8":{"loc":{"start":{"line":111,"column":4},"end":{"line":113,"column":5}},"type":"if","locations":[{"start":{"line":111,"column":4},"end":{"line":113,"column":5}}]},"9":{"loc":{"start":{"line":120,"column":4},"end":{"line":122,"column":5}},"type":"if","locations":[{"start":{"line":120,"column":4},"end":{"line":122,"column":5}}]},"10":{"loc":{"start":{"line":145,"column":4},"end":{"line":147,"column":5}},"type":"if","locations":[{"start":{"line":145,"column":4},"end":{"line":147,"column":5}}]},"11":{"loc":{"start":{"line":173,"column":6},"end":{"line":175,"column":7}},"type":"if","locations":[{"start":{"line":173,"column":6},"end":{"line":175,"column":7}}]},"12":{"loc":{"start":{"line":174,"column":24},"end":{"line":174,"column":53}},"type":"binary-expr","locations":[{"start":{"line":174,"column":24},"end":{"line":174,"column":36}},{"start":{"line":174,"column":40},"end":{"line":174,"column":53}}]},"13":{"loc":{"start":{"line":185,"column":6},"end":{"line":187,"column":7}},"type":"if","locations":[{"start":{"line":185,"column":6},"end":{"line":187,"column":7}}]},"14":{"loc":{"start":{"line":194,"column":6},"end":{"line":223,"column":7}},"type":"if","locations":[{"start":{"line":194,"column":6},"end":{"line":223,"column":7}},{"start":{"line":213,"column":13},"end":{"line":223,"column":7}}]},"15":{"loc":{"start":{"line":232,"column":6},"end":{"line":234,"column":11}},"type":"cond-expr","locations":[{"start":{"line":233,"column":10},"end":{"line":233,"column":89}},{"start":{"line":234,"column":10},"end":{"line":234,"column":11}}]},"16":{"loc":{"start":{"line":269,"column":4},"end":{"line":271,"column":5}},"type":"if","locations":[{"start":{"line":269,"column":4},"end":{"line":271,"column":5}}]},"17":{"loc":{"start":{"line":269,"column":8},"end":{"line":269,"column":49}},"type":"binary-expr","locations":[{"start":{"line":269,"column":8},"end":{"line":269,"column":26}},{"start":{"line":269,"column":30},"end":{"line":269,"column":49}}]},"18":{"loc":{"start":{"line":295,"column":4},"end":{"line":297,"column":5}},"type":"if","locations":[{"start":{"line":295,"column":4},"end":{"line":297,"column":5}}]},"19":{"loc":{"start":{"line":295,"column":8},"end":{"line":295,"column":49}},"type":"binary-expr","locations":[{"start":{"line":295,"column":8},"end":{"line":295,"column":27}},{"start":{"line":295,"column":31},"end":{"line":295,"column":49}}]}},"s":{"0":1,"1":1,"2":36,"3":36,"4":36,"5":36,"6":36,"7":36,"8":36,"9":36,"10":36,"11":36,"12":36,"13":36,"14":36,"15":31,"16":41,"17":41,"18":1,"19":40,"20":31,"21":31,"22":30,"23":48,"24":0,"25":48,"26":48,"27":48,"28":41,"29":41,"30":49,"31":49,"32":41,"33":40,"34":40,"35":40,"36":16,"37":49,"38":49,"39":49,"40":49,"41":49,"42":98,"43":49,"44":45,"45":23,"46":22,"47":22,"48":22,"49":22,"50":22,"51":22,"52":22,"53":0,"54":22,"55":27,"56":27,"57":18,"58":18,"59":18,"60":18,"61":18,"62":17,"63":9,"64":9,"65":9,"66":21,"67":15,"68":21,"69":4,"70":2,"71":2,"72":2,"73":2,"74":2,"75":2,"76":2,"77":2,"78":2,"79":2,"80":2,"81":2,"82":2,"83":2,"84":2,"85":0,"86":2,"87":4,"88":66,"89":66,"90":1},"f":{"0":36,"1":31,"2":48,"3":49,"4":49,"5":49,"6":49,"7":21,"8":15,"9":4,"10":2,"11":2,"12":2,"13":2,"14":4,"15":66,"16":66},"b":{"0":[1],"1":[36,25],"2":[36,24],"3":[36,24],"4":[36,30],"5":[36,2],"6":[1],"7":[41,41],"8":[30],"9":[0],"10":[16],"11":[23],"12":[23,0],"13":[0],"14":[18,9],"15":[9,12],"16":[2],"17":[2,2],"18":[0],"19":[2,1]}}
,"C:\\cpp\\hacknplan-obsidian-glue\\src\\lib\\sync-state.ts": {"path":"C:\\cpp\\hacknplan-obsidian-glue\\src\\lib\\sync-state.ts","statementMap":{"0":{"start":{"line":8,"column":0},"end":{"line":8,"column":36}},"1":{"start":{"line":9,"column":0},"end":{"line":9,"column":24}},"2":{"start":{"line":25,"column":29},"end":{"line":25,"column":31}},"3":{"start":{"line":28,"column":18},"end":{"line":28,"column":23}},"4":{"start":{"line":31,"column":4},"end":{"line":31,"column":31}},"5":{"start":{"line":32,"column":4},"end":{"line":32,"column":66}},"6":{"start":{"line":40,"column":4},"end":{"line":64,"column":5}},"7":{"start":{"line":42,"column":6},"end":{"line":42,"column":58}},"8":{"start":{"line":44,"column":19},"end":{"line":44,"column":65}},"9":{"start":{"line":45,"column":21},"end":{"line":45,"column":78}},"10":{"start":{"line":47,"column":6},"end":{"line":54,"column":7}},"11":{"start":{"line":48,"column":8},"end":{"line":48,"column":34}},"12":{"start":{"line":49,"column":8},"end":{"line":49,"column":93}},"13":{"start":{"line":52,"column":8},"end":{"line":52,"column":24}},"14":{"start":{"line":53,"column":8},"end":{"line":53,"column":74}},"15":{"start":{"line":56,"column":6},"end":{"line":63,"column":7}},"16":{"start":{"line":58,"column":8},"end":{"line":58,"column":24}},"17":{"start":{"line":59,"column":8},"end":{"line":59,"column":67}},"18":{"start":{"line":61,"column":8},"end":{"line":61,"column":87}},"19":{"start":{"line":62,"column":8},"end":{"line":62,"column":24}},"20":{"start":{"line":65,"column":4},"end":{"line":65,"column":23}},"21":{"start":{"line":73,"column":4},"end":{"line":75,"column":5}},"22":{"start":{"line":74,"column":6},"end":{"line":74,"column":13}},"23":{"start":{"line":77,"column":4},"end":{"line":101,"column":5}},"24":{"start":{"line":79,"column":6},"end":{"line":79,"column":58}},"25":{"start":{"line":81,"column":22},"end":{"line":88,"column":null}},"26":{"start":{"line":92,"column":23},"end":{"line":92,"column":50}},"27":{"start":{"line":93,"column":6},"end":{"line":93,"column":53}},"28":{"start":{"line":94,"column":6},"end":{"line":94,"column":52}},"29":{"start":{"line":96,"column":6},"end":{"line":96,"column":25}},"30":{"start":{"line":97,"column":6},"end":{"line":97,"column":90}},"31":{"start":{"line":99,"column":6},"end":{"line":99,"column":85}},"32":{"start":{"line":100,"column":6},"end":{"line":100,"column":18}},"33":{"start":{"line":108,"column":4},"end":{"line":108,"column":32}},"34":{"start":{"line":115,"column":4},"end":{"line":115,"column":33}},"35":{"start":{"line":116,"column":4},"end":{"line":116,"column":22}},"36":{"start":{"line":123,"column":4},"end":{"line":126,"column":5}},"37":{"start":{"line":124,"column":6},"end":{"line":124,"column":34}},"38":{"start":{"line":125,"column":6},"end":{"line":125,"column":24}},"39":{"start":{"line":133,"column":4},"end":{"line":133,"column":29}},"40":{"start":{"line":140,"column":4},"end":{"line":140,"column":22}},"41":{"start":{"line":147,"column":4},"end":{"line":147,"column":30}},"42":{"start":{"line":154,"column":4},"end":{"line":154,"column":42}},"43":{"start":{"line":161,"column":4},"end":{"line":165,"column":5}},"44":{"start":{"line":162,"column":6},"end":{"line":164,"column":7}},"45":{"start":{"line":163,"column":8},"end":{"line":163,"column":35}},"46":{"start":{"line":166,"column":4},"end":{"line":166,"column":21}},"47":{"start":{"line":173,"column":71},"end":{"line":173,"column":73}},"48":{"start":{"line":174,"column":4},"end":{"line":180,"column":5}},"49":{"start":{"line":177,"column":6},"end":{"line":179,"column":7}},"50":{"start":{"line":178,"column":8},"end":{"line":178,"column":42}},"51":{"start":{"line":181,"column":4},"end":{"line":181,"column":19}},"52":{"start":{"line":24,"column":0},"end":{"line":24,"column":13}}},"fnMap":{"0":{"name":"(anonymous_1)","decl":{"start":{"line":30,"column":2},"end":{"line":30,"column":14}},"loc":{"start":{"line":30,"column":31},"end":{"line":33,"column":3}}},"1":{"name":"(anonymous_2)","decl":{"start":{"line":39,"column":2},"end":{"line":39,"column":7}},"loc":{"start":{"line":39,"column":12},"end":{"line":66,"column":3}}},"2":{"name":"(anonymous_3)","decl":{"start":{"line":72,"column":2},"end":{"line":72,"column":7}},"loc":{"start":{"line":72,"column":12},"end":{"line":102,"column":3}}},"3":{"name":"(anonymous_4)","decl":{"start":{"line":107,"column":2},"end":{"line":107,"column":14}},"loc":{"start":{"line":107,"column":31},"end":{"line":109,"column":3}}},"4":{"name":"(anonymous_5)","decl":{"start":{"line":114,"column":2},"end":{"line":114,"column":17}},"loc":{"start":{"line":114,"column":56},"end":{"line":117,"column":3}}},"5":{"name":"(anonymous_6)","decl":{"start":{"line":122,"column":2},"end":{"line":122,"column":16}},"loc":{"start":{"line":122,"column":33},"end":{"line":127,"column":3}}},"6":{"name":"(anonymous_7)","decl":{"start":{"line":132,"column":2},"end":{"line":132,"column":14}},"loc":{"start":{"line":132,"column":14},"end":{"line":134,"column":3}}},"7":{"name":"(anonymous_8)","decl":{"start":{"line":139,"column":2},"end":{"line":139,"column":9}},"loc":{"start":{"line":139,"column":9},"end":{"line":141,"column":3}}},"8":{"name":"(anonymous_9)","decl":{"start":{"line":146,"column":2},"end":{"line":146,"column":18}},"loc":{"start":{"line":146,"column":18},"end":{"line":148,"column":3}}},"9":{"name":"(anonymous_10)","decl":{"start":{"line":153,"column":2},"end":{"line":153,"column":15}},"loc":{"start":{"line":153,"column":15},"end":{"line":155,"column":3}}},"10":{"name":"(anonymous_11)","decl":{"start":{"line":160,"column":2},"end":{"line":160,"column":18}},"loc":{"start":{"line":160,"column":38},"end":{"line":167,"column":3}}},"11":{"name":"(anonymous_12)","decl":{"start":{"line":172,"column":2},"end":{"line":172,"column":22}},"loc":{"start":{"line":172,"column":40},"end":{"line":182,"column":3}}}},"branchMap":{"0":{"loc":{"start":{"line":47,"column":6},"end":{"line":54,"column":7}},"type":"if","locations":[{"start":{"line":47,"column":6},"end":{"line":54,"column":7}},{"start":{"line":50,"column":13},"end":{"line":54,"column":7}}]},"1":{"loc":{"start":{"line":47,"column":10},"end":{"line":47,"column":40}},"type":"binary-expr","locations":[{"start":{"line":47,"column":10},"end":{"line":47,"column":24}},{"start":{"line":47,"column":28},"end":{"line":47,"column":40}}]},"2":{"loc":{"start":{"line":56,"column":6},"end":{"line":63,"column":7}},"type":"if","locations":[{"start":{"line":56,"column":6},"end":{"line":63,"column":7}},{"start":{"line":60,"column":13},"end":{"line":63,"column":7}}]},"3":{"loc":{"start":{"line":73,"column":4},"end":{"line":75,"column":5}},"type":"if","locations":[{"start":{"line":73,"column":4},"end":{"line":75,"column":5}}]},"4":{"loc":{"start":{"line":73,"column":8},"end":{"line":73,"column":59}},"type":"binary-expr","locations":[{"start":{"line":73,"column":8},"end":{"line":73,"column":19}},{"start":{"line":73,"column":23},"end":{"line":73,"column":59}}]},"5":{"loc":{"start":{"line":123,"column":4},"end":{"line":126,"column":5}},"type":"if","locations":[{"start":{"line":123,"column":4},"end":{"line":126,"column":5}}]},"6":{"loc":{"start":{"line":162,"column":6},"end":{"line":164,"column":7}},"type":"if","locations":[{"start":{"line":162,"column":6},"end":{"line":164,"column":7}}]},"7":{"loc":{"start":{"line":177,"column":6},"end":{"line":179,"column":7}},"type":"if","locations":[{"start":{"line":177,"column":6},"end":{"line":179,"column":7}}]}},"s":{"0":1,"1":1,"2":16,"3":16,"4":16,"5":16,"6":15,"7":15,"8":15,"9":3,"10":2,"11":2,"12":2,"13":0,"14":0,"15":13,"16":12,"17":12,"18":1,"19":1,"20":15,"21":4,"22":0,"23":4,"24":4,"25":4,"26":4,"27":4,"28":4,"29":4,"30":4,"31":0,"32":0,"33":8,"34":10,"35":10,"36":2,"37":1,"38":1,"39":2,"40":3,"41":0,"42":0,"43":0,"44":0,"45":0,"46":0,"47":0,"48":0,"49":0,"50":0,"51":0,"52":1},"f":{"0":16,"1":15,"2":4,"3":8,"4":10,"5":2,"6
[...]
":{"line":111,"column":54},"end":{"line":115,"column":8}}},"fnMap":{"0":{"name":"(anonymous_0)","decl":{"start":{"line":21,"column":11},"end":{"line":21,"column":16}},"loc":{"start":{"line":21,"column":53},"end":{"line":68,"column":3}}},"1":{"name":"(anonymous_1)","decl":{"start":{"line":54,"column":30},"end":{"line":54,"column":31}},"loc":{"start":{"line":54,"column":42},"end":{"line":56,"column":7}}},"2":{"name":"(anonymous_2)","decl":{"start":{"line":55,"column":42},"end":{"line":55,"column":45}},"loc":{"start":{"line":55,"column":48},"end":{"line":55,"column":57}}},"3":{"name":"(anonymous_3)","decl":{"start":{"line":78,"column":11},"end":{"line":78,"column":16}},"loc":{"start":{"line":78,"column":53},"end":{"line":95,"column":3}}},"4":{"name":"(anonymous_4)","decl":{"start":{"line":105,"column":11},"end":{"line":105,"column":16}},"loc":{"start":{"line":105,"column":53},"end":{"line":117,"column":3}}},"5":{"name":"(anonymous_5)","decl":{"start":{"line":111,"column":41},"end":{"line":111,"column":42}},"loc":{"start":{"line":111,"column":54},"end":{"line":115,"column":8}}}},"branchMap":{"0":{"loc":{"start":{"line":26,"column":4},"end":{"line":30,"column":5}},"type":"if","locations":[{"start":{"line":26,"column":4},"end":{"line":30,"column":5}}]},"1":{"loc":{"start":{"line":33,"column":4},"end":{"line":44,"column":5}},"type":"if","locations":[{"start":{"line":33,"column":4},"end":{"line":44,"column":5}}]},"2":{"loc":{"start":{"line":35,"column":6},"end":{"line":40,"column":7}},"type":"if","locations":[{"start":{"line":35,"column":6},"end":{"line":40,"column":7}}]},"3":{"loc":{"start":{"line":79,"column":4},"end":{"line":83,"column":5}},"type":"if","locations":[{"start":{"line":79,"column":4},"end":{"line":83,"column":5}}]}},"s":{"0":0,"1":0,"2":0,"3":0,"4":0,"5":0,"6":0,"7":0,"8":0,"9":0,"10":0,"11":0,"12":0,"13":0,"14":0,"15":0,"16":0,"17":0,"18":0,"19":0,"20":0,"21":0,"22":0,"23":0,"24":0,"25":0,"26":0,"27":0,"28":0,"29":0},"f":{"0":0,"1":0,"2":0,"3":0,"4":0,"5":0},"b":{"0":[0],"1":[0],"2":[0],"3":[0]}}
,"C:\\cpp\\hacknplan-obsidian-glue\\src\\tools\\pairing.ts": {"path":"C:\\cpp\\hacknplan-obsidian-glue\\src\\tools\\pairing.ts","statementMap":{"0":{"start":{"line":39,"column":98},"end":{"line":82,"column":2}},"1":{"start":{"line":65,"column":16},"end":{"line":65,"column":40}},"2":{"start":{"line":66,"column":29},"end":{"line":75,"column":6}},"3":{"start":{"line":77,"column":4},"end":{"line":77,"column":28}},"4":{"start":{"line":78,"column":4},"end":{"line":78,"column":21}},"5":{"start":{"line":80,"column":4},"end":{"line":80,"column":38}},"6":{"start":{"line":87,"column":104},"end":{"line":102,"column":2}},"7":{"start":{"line":98,"column":20},"end":{"line":98,"column":53}},"8":{"start":{"line":99,"column":4},"end":{"line":99,"column":21}},"9":{"start":{"line":100,"column":4},"end":{"line":100,"column":38}},"10":{"start":{"line":107,"column":78},"end":{"line":117,"column":2}},"11":{"start":{"line":115,"column":4},"end":{"line":115,"column":32}},"12":{"start":{"line":122,"column":87},"end":{"line":136,"column":2}},"13":{"start":{"line":133,"column":20},"end":{"line":133,"column":50}},"14":{"start":{"line":134,"column":4},"end":{"line":134,"column":52}},"15":{"start":{"line":144,"column":4},"end":{"line":171,"column":2}},"16":{"start":{"line":158,"column":20},"end":{"line":162,"column":6}},"17":{"start":{"line":164,"column":4},"end":{"line":166,"column":5}},"18":{"start":{"line":165,"column":6},"end":{"line":165,"column":44}},"19":{"start":{"line":168,"column":4},"end":{"line":168,"column":21}},"20":{"start":{"line":169,"column":4},"end":{"line":169,"column":38}},"21":{"start":{"line":176,"column":46},"end":{"line":182,"column":2}}},"fnMap":{"0":{"name":"(anonymous_0)","decl":{"start":{"line":64,"column":11},"end":{"line":64,"column":16}},"loc":{"start":{"line":64,"column":31},"end":{"line":81,"column":3}}},"1":{"name":"(anonymous_1)","decl":{"start":{"line":97,"column":11},"end":{"line":97,"column":16}},"loc":{"start":{"line":97,"column":31},"end":{"line":101,"column":3}}},"2":{"name":"(anonymous_2)","decl":{"start":{"line":114,"column":11},"end":{"line":114,"column":16}},"loc":{"start":{"line":114,"column":32},"end":{"line":116,"column":3}}},"3":{"name":"(anonymous_3)","decl":{"start":{"line":132,"column":11},"end":{"line":132,"column":16}},"loc":{"start":{"line":132,"column":31},"end":{"line":135,"column":3}}},"4":{"name":"(anonymous_4)","decl":{"start":{"line":157,"column":11},"end":{"line":157,"column":16}},"loc":{"start":{"line":157,"column":31},"end":{"line":170,"column":3}}}},"branchMap":{"0":{"loc":{"start":{"line":70,"column":22},"end":{"line":70,"column":47}},"type":"binary-expr","locations":[{"start":{"line":70,"column":22},"end":{"line":70,"column":41}},{"start":{"line":70,"column":45},"end":{"line":70,"column":47}}]},"1":{"loc":{"start":{"line":71,"column":19},"end":{"line":71,"column":41}},"type":"binary-expr","locations":[{"start":{"line":71,"column":19},"end":{"line":71,"column":35}},{"start":{"line":71,"column":39},"end":{"line":71,"column":41}}]},"2":{"loc":{"start":{"line":72,"column":20},"end":{"line":72,"column":45}},"type":"binary-expr","locations":[{"start":{"line":72,"column":20},"end":{"line":72,"column":37}},{"start":{"line":72,"column":41},"end":{"line":72,"column":45}}]},"3":{"loc":{"start":{"line":134,"column":11},"end":{"line":134,"column":51}},"type":"binary-expr","locations":[{"start":{"line":134,"column":11},"end":{"line":134,"column":18}},{"start":{"line":134,"column":22},"end":{"line":134,"column":51}}]},"4":{"loc":{"start":{"line":164,"column":4},"end":{"line":166,"column":5}},"type":"if","locations":[{"start":{"line":164,"column":4},"end":{"line":166,"column":5}}]}},"s":{"0":0,"1":0,"2":0,"3":0,"4":0,"5":0,"6":0,"7":0,"8":0,"9":0,"10":0,"11":0,"12":0,"13":0,"14":0,"15":0,"16":0,"17":0,"18":0,"19":0,"20":0,"21":0},"f":{"0":0,"1":0,"2":0,"3":0,"4":0},"b":{"0":[0,0],"1":[0,0],"2":[0,0],"3":[0,0],"4":[0]}}
,"C:\\cpp\\hacknplan-obsidian-glue\\src\\tools\\queue.ts": {"path":"C:\\cpp\\hacknplan-obsidian-glue\\src\\tools\\queue.ts","statementMap":{"0":{"start":{"line":4,"column":49},"end":{"line":24,"column":2}},"1":{"start":{"line":12,"column":4},"end":{"line":16,"column":5}},"2":{"start":{"line":13,"column":6},"end":{"line":15,"column":8}},"3":{"start":{"line":18,"column":18},"end":{"line":18,"column":46}},"4":{"start":{"line":19,"column":4},"end":{"line":22,"column":6}},"5":{"start":{"line":26,"column":47},"end":{"line":61,"column":2}},"6":{"start":{"line":34,"column":4},"end":{"line":38,"column":5}},"7":{"start":{"line":35,"column":6},"end":{"line":37,"column":8}},"8":{"start":{"line":40,"column":24},"end":{"line":40,"column":58}},"9":{"start":{"line":41,"column":18},"end":{"line":41,"column":36}},"10":{"start":{"line":43,"column":4},"end":{"line":47,"column":5}},"11":{"start":{"line":44,"column":6},"end":{"line":46,"column":8}},"12":{"start":{"line":49,"column":4},"end":{"line":49,"column":36}},"13":{"start":{"line":51,"column":4},"end":{"line":59,"column":6}},"14":{"start":{"line":53,"column":43},"end":{"line":58,"column":8}},"15":{"start":{"line":63,"column":47},"end":{"line":84,"column":2}},"16":{"start":{"line":71,"column":4},"end":{"line":75,"column":5}},"17":{"start":{"line":72,"column":6},"end":{"line":74,"column":8}},"18":{"start":{"line":77,"column":18},"end":{"line":77,"column":59}},"19":{"start":{"line":78,"column":4},"end":{"line":78,"column":36}},"20":{"start":{"line":80,"column":4},"end":{"line":82,"column":6}},"21":{"start":{"line":86,"column":46},"end":{"line":106,"column":2}},"22":{"start":{"line":94,"column":4},"end":{"line":98,"column":5}},"23":{"start":{"line":95,"column":6},"end":{"line":97,"column":8}},"24":{"start":{"line":100,"column":4},"end":{"line":100,"column":30}},"25":{"start":{"line":102,"column":4},"end":{"line":104,"column":6}},"26":{"start":{"line":108,"column":47},"end":{"line":128,"column":2}},"27":{"start":{"line":116,"column":4},"end":{"line":120,"column":5}},"28":{"start":{"line":117,"column":6},"end":{"line":119,"column":8}},"29":{"start":{"line":122,"column":4},"end":{"line":122,"column":31}},"30":{"start":{"line":124,"column":4},"end":{"line":126,"column":6}},"31":{"start":{"line":130,"column":26},"end":{"line":136,"column":2}}},"fnMap":{"0":{"name":"(anonymous_0)","decl":{"start":{"line":11,"column":11},"end":{"line":11,"column":16}},"loc":{"start":{"line":11,"column":53},"end":{"line":23,"column":3}}},"1":{"name":"(anonymous_1)","decl":{"start":{"line":33,"column":11},"end":{"line":33,"column":16}},"loc":{"start":{"line":33,"column":53},"end":{"line":60,"column":3}}},"2":{"name":"(anonymous_2)","decl":{"start":{"line":53,"column":32},"end":{"line":53,"column":33}},"loc":{"start":{"line":53,"column":43},"end":{"line":58,"column":8}}},"3":{"name":"(anonymous_3)","decl":{"start":{"line":70,"column":11},"end":{"line":70,"column":16}},"loc":{"start":{"line":70,"column":53},"end":{"line":83,"column":3}}},"4":{"name":"(anonymous_4)","decl":{"start":{"line":93,"column":11},"end":{"line":93,"column":16}},"loc":{"start":{"line":93,"column":53},"end":{"line":105,"column":3}}},"5":{"name":"(anonymous_5)","decl":{"start":{"line":115,"column":11},"end":{"line":115,"column":16}},"loc":{"start":{"line":115,"column":53},"end":{"line":127,"column":3}}}},"branchMap":{"0":{"loc":{"start":{"line":12,"column":4},"end":{"line":16,"column":5}},"type":"if","locations":[{"start":{"line":12,"column":4},"end":{"line":16,"column":5}}]},"1":{"loc":{"start":{"line":34,"column":4},"end":{"line":38,"column":5}},"type":"if","locations":[{"start":{"line":34,"column":4},"end":{"line":38,"column":5}}]},"2":{"loc":{"start":{"line":43,"column":4},"end":{"line":47,"column":5}},"type":"if","locations":[{"start":{"line":43,"column":4},"end":{"line":47,"column":5}}]},"3":{"loc":{"start":{"line":71,"column":4},"end":{"line":75,"column":5}},"type":"if","locations":[{"start":{"line":71,"column":4},"end":{"line":75,"column":5}}]},"4":{"loc":{"start":{"line":94,"column":4},"end":{"line":98,"column":5}},"type":"if","locations":[{"start":{"line":94,"column":4},"end":{"line":98,"column":5}}]},"5":{"loc":{"start":{"line":116,"column":4},"end":{"line":120,"column":5}},"type":"if","locations":[{"start":{"line":116,"column":4},"end":{"line":120,"column":5}}]}},"s":{"0":0,"1":0,"2":0,"3":0,"4":0,"5":0,"6":0,"7":0,"8":0,"9":0,"10":0,"11":0,"12":0,"13":0,"14":0,"15":0,"16":0,"17":0,"18":0,"19":0,"20":0,"21":0,"22":0,"23":0,"24":0,"25":0,"26":0,"27":0,"28":0,"29":0,"30":0,"31":0},"f":{"0":0,"1":0,"2":0,"3":0,"4":0,"5":0},"b":{"0":[0],"1":[0],"2":[0],"3":[0],"4":[0],"5":[0]}}
,"C:\\cpp\\hacknplan-obsidian-glue\\src\\tools\\registry.ts": {"path":"C:\\cpp\\hacknplan-obsidian-glue\\src\\tools\\registry.ts","statementMap":{"0":{"start":{"line":27,"column":33},"end":{"line":27,"column":42}},"1":{"start":{"line":29,"column":2},"end":{"line":34,"column":3}},"2":{"start":{"line":30,"column":4},"end":{"line":32,"column":5}},"3":{"start":{"line":31,"column":6},"end":{"line":31,"column":59}},"4":{"start":{"line":33,"column":4},"end":{"line":33,"column":34}},"5":{"start":{"line":36,"column":2},"end":{"line":36,"column":18}},"6":{"start":{"line":51,"column":2},"end":{"line":55,"column":6}},"7":{"start":{"line":51,"column":54},"end":{"line":55,"column":4}},"8":{"start":{"line":77,"column":15},"end":{"line":77,"column":37}},"9":{"start":{"line":79,"column":2},"end":{"line":81,"column":3}},"10":{"start":{"line":80,"column":4},"end":{"line":80,"column":49}},"11":{"start":{"line":83,"column":2},"end":{"line":83,"column":56}},"12":{"start":{"line":95,"column":2},"end":{"line":104,"column":5}}},"fnMap":{"0":{"name":"createToolRegistry","decl":{"start":{"line":26,"column":16},"end":{"line":26,"column":34}},"loc":{"start":{"line":26,"column":58},"end":{"line":37,"column":1}}},"1":{"name":"getToolSchemas","decl":{"start":{"line":48,"column":16},"end":{"line":48,"column":30}},"loc":{"start":{"line":49,"column":24},"end":{"line":56,"column":1}}},"2":{"name":"(anonymous_2)","decl":{"start":{"line":51,"column":43},"end":{"line":51,"column":44}},"loc":{"start":{"line":51,"column":54},"end":{"line":55,"column":4}}},"3":{"name":"executeTool","decl":{"start":{"line":71,"column":22},"end":{"line":71,"column":33}},"loc":{"start":{"line":75,"column":22},"end":{"line":84,"column":1}}},"4":{"name":"createGlobalRegistry","decl":{"start":{"line":94,"column":16},"end":{"line":94,"column":36}},"loc":{"start":{"line":94,"column":36},"end":{"line":105,"column":1}}}},"branchMap":{"0":{"loc":{"start":{"line":30,"column":4},"end":{"line":32,"column":5}},"type":"if","locations":[{"start":{"line":30,"column":4},"end":{"line":32,"column":5}}]},"1":{"loc":{"start":{"line":79,"column":2},"end":{"line":81,"column":3}},"type":"if","locations":[{"start":{"line":79,"column":2},"end":{"line":81,"column":3}}]}},"s":{"0":0,"1":0,"2":0,"3":0,"4":0,"5":0,"6":0,"7":0,"8":0,"9":0,"10":0,"11":0,"12":0},"f":{"0":0,"1":0,"2":0,"3":0,"4":0},"b":{"0":[0],"1":[0]}}
,"C:\\cpp\\hacknplan-obsidian-glue\\src\\tools\\sync.ts": {"path":"C:\\cpp\\hacknplan-obsidian-glue\\src\\tools\\sync.ts","statementMap":{"0":{"start":{"line":70,"column":4},"end":{"line":148,"column":2}},"1":{"start":{"line":89,"column":20},"end":{"line":89,"column":50}},"2":{"start":{"line":90,"column":4},"end":{"line":92,"column":5}},"3":{"start":{"line":91,"column":6},"end":{"line":91,"column":66}},"4":{"start":{"line":95,"column":23},"end":{"line":95,"column":65}},"5":{"start":{"line":98,"column":4},"end":{"line":109,"column":5}},"6":{"start":{"line":99,"column":6},"end":{"line":108,"column":8}},"7":{"start":{"line":112,"column":4},"end":{"line":116,"column":5}},"8":{"start":{"line":113,"column":6},"end":{"line":115,"column":8}},"9":{"start":{"line":119,"column":4},"end":{"line":119,"column":117}},"10":{"start":{"line":121,"column":19},"end":{"line":127,"column":null}},"11":{"start":{"line":131,"column":4},"end":{"line":131,"column":44}},"12":{"start":{"line":134,"column":4},"end":{"line":139,"column":5}},"13":{"start":{"line":135,"column":6},"end":{"line":135,"column":42}},"14":{"start":{"line":136,"column":6},"end":{"line":136,"column":47}},"15":{"start":{"line":138,"column":6},"end":{"line":138,"column":79}},"16":{"start":{"line":141,"column":4},"end":{"line":144,"column":6}},"17":{"start":{"line":146,"column":4},"end":{"line":146,"column":18}},"18":{"start":{"line":153,"column":106},"end":{"line":202,"column":2}},"19":{"start":{"line":180,"column":20},"end":{"line":180,"column":50}},"20":{"start":{"line":181,"column":4},"end":{"line":183,"column":5}},"21":{"start":{"line":182,"column":6},"end":{"line":182,"column":66}},"22":{"start":{"line":185,"column":23},"end":{"line":185,"column":80}},"23":{"start":{"line":188,"column":4},"end":{"line":190,"column":5}},"24":{"start":{"line":189,"column":6},"end":{"line":189,"column":40}},"25":{"start":{"line":192,"column":4},"end":{"line":200,"column":6}},"26":{"start":{"line":207,"column":43},"end":{"line":207,"column":87}}},"fnMap":{"0":{"name":"(anonymous_0)","decl":{"start":{"line":88,"column":11},"end":{"line":88,"column":16}},"loc":{"start":{"line":88,"column":31},"end":{"line":147,"column":3}}},"1":{"name":"(anonymous_1)","decl":{"start":{"line":179,"column":11},"end":{"line":179,"column":16}},"loc":{"start":{"line":179,"column":31},"end":{"line":201,"column":3}}}},"branchMap":{"0":{"loc":{"start":{"line":90,"column":4},"end":{"line":92,"column":5}},"type":"if","locations":[{"start":{"line":90,"column":4},"end":{"line":92,"column":5}}]},"1":{"loc":{"start":{"line":98,"column":4},"end":{"line":109,"column":5}},"type":"if","locations":[{"start":{"line":98,"column":4},"end":{"line":109,"column":5}}]},"2":{"loc":{"start":{"line":112,"column":4},"end":{"line":116,"column":5}},"type":"if","locations":[{"start":{"line":112,"column":4},"end":{"line":116,"column":5}}]},"3":{"loc":{"start":{"line":181,"column":4},"end":{"line":183,"column":5}},"type":"if","locations":[{"start":{"line":181,"column":4},"end":{"line":183,"column":5}}]},"4":{"loc":{"start":{"line":185,"column":60},"end":{"line":185,"column":79}},"type":"binary-expr","locations":[{"start":{"line":185,"column":60},"end":{"line":185,"column":73}},{"start":{"line":185,"column":77},"end":{"line":185,"column":79}}]},"5":{"loc":{"start":{"line":188,"column":4},"end":{"line":190,"column":5}},"type":"if","locations":[{"start":{"line":188,"column":4},"end":{"line":190,"column":5}}]},"6":{"loc":{"start":{"line":193,"column":14},"end":{"line":193,"column":34}},"type":"binary-expr","locations":[{"start":{"line":193,"column":14},"end":{"line":193,"column":25}},{"start":{"line":193,"column":29},"end":{"line":193,"column":34}}]}},"s":{"0":0,"1":0,"2":0,"3":0,"4":0,"5":0,"6":0,"7":0,"8":0,"9":0,"10":0,"11":0,"12":0,"13":0,"14":0,"15":0,"16":0,"17":0,"18":0,"19":0,"20":0,"21":0,"22":0,"23":0,"24":0,"25":0,"26":0},"f":{"0":0,"1":0},"b":{"0":[0],"1":[0],"2":[0],"3":[0],"4":[0,0],"5":[0],"6":[0,0]}}
,"C:\\cpp\\hacknplan-obsidian-glue\\src\\tools\\vault.ts": {"path":"C:\\cpp\\hacknplan-obsidian-glue\\src\\tools\\vault.ts","statementMap":{"0":{"start":{"line":41,"column":73},"end":{"line":72,"column":2}},"1":{"start":{"line":53,"column":20},"end":{"line":53,"column":50}},"2":{"start":{"line":54,"column":4},"end":{"line":56,"column":5}},"3":{"start":{"line":55,"column":6},"end":{"line":55,"column":66}},"4":{"start":{"line":58,"column":21},"end":{"line":60,"column":25}},"5":{"start":{"line":63,"column":17},"end":{"line":63,"column":48}},"6":{"start":{"line":65,"column":4},"end":{"line":70,"column":6}},"7":{"start":{"line":77,"column":89},"end":{"line":112,"column":2}},"8":{"start":{"line":88,"column":20},"end":{"line":88,"column":50}},"9":{"start":{"line":89,"column":4},"end":{"line":91,"column":5}},"10":{"start":{"line":90,"column":6},"end":{"line":90,"column":66}},"11":{"start":{"line":94,"column":17},"end":{"line":94,"column":57}},"12":{"start":{"line":95,"column":22},"end":{"line":95,"column":42}},"13":{"start":{"line":98,"column":34},"end":{"line":104,"column":9}},"14":{"start":{"line":99,"column":22},"end":{"line":99,"column":33}},"15":{"start":{"line":100,"column":30},"end":{"line":104,"column":8}},"16":{"start":{"line":106,"column":4},"end":{"line":110,"column":6}},"17":{"start":{"line":117,"column":44},"end":{"line":117,"column":73}}},"fnMap":{"0":{"name":"(anonymous_0)","decl":{"start":{"line":52,"column":11},"end":{"line":52,"column":16}},"loc":{"start":{"line":52,"column":31},"end":{"line":71,"column":3}}},"1":{"name":"(anonymous_1)","decl":{"start":{"line":87,"column":11},"end":{"line":87,"column":16}},"loc":{"start":{"line":87,"column":31},"end":{"line":111,"column":3}}},"2":{"name":"(anonymous_2)","decl":{"start":{"line":99,"column":12},"end":{"line":99,"column":13}},"loc":{"start":{"line":99,"column":22},"end":{"line":99,"column":33}}},"3":{"name":"(anonymous_3)","decl":{"start":{"line":100,"column":11},"end":{"line":100,"column":12}},"loc":{"start":{"line":100,"column":30},"end":{"line":104,"column":8}}}},"branchMap":{"0":{"loc":{"start":{"line":54,"column":4},"end":{"line":56,"column":5}},"type":"if","locations":[{"start":{"line":54,"column":4},"end":{"line":56,"column":5}}]},"1":{"loc":{"start":{"line":58,"column":21},"end":{"line":60,"column":25}},"type":"cond-expr","locations":[{"start":{"line":59,"column":8},"end":{"line":59,"column":44}},{"start":{"line":60,"column":8},"end":{"line":60,"column":25}}]},"2":{"loc":{"start":{"line":89,"column":4},"end":{"line":91,"column":5}},"type":"if","locations":[{"start":{"line":89,"column":4},"end":{"line":91,"column":5}}]},"3":{"loc":{"start":{"line":103,"column":18},"end":{"line":103,"column":52}},"type":"binary-expr","locations":[{"start":{"line":103,"column":18},"end":{"line":103,"column":44}},{"start":{"line":103,"column":48},"end":{"line":103,"column":52}}]}},"s":{"0":0,"1":0,"2":0,"3":0,"4":0,"5":0,"6":0,"7":0,"8":0,"9":0,"10":0,"11":0,"12":0,"13":0,"14":0,"15":0,"16":0,"17":0},"f":{"0":0,"1":0,"2":0,"3":0},"b":{"0":[0],"1":[0,0],"2":[0],"3":[0,0]}}
}
