TN:
SF:src\core\client.ts
FN:41,(anonymous_0)
FN:55,(anonymous_1)
FN:86,(anonymous_2)
FN:117,(anonymous_3)
FN:148,(anonymous_4)
FNF:5
FNH:0
FNDA:0,(anonymous_0)
FNDA:0,(anonymous_1)
FNDA:0,(anonymous_2)
FNDA:0,(anonymous_3)
FNDA:0,(anonymous_4)
DA:38,0
DA:42,0
DA:43,0
DA:45,0
DA:59,0
DA:61,0
DA:70,0
DA:71,0
DA:72,0
DA:75,0
DA:91,0
DA:93,0
DA:102,0
DA:103,0
DA:104,0
DA:107,0
DA:121,0
DA:123,0
DA:130,0
DA:131,0
DA:134,0
DA:135,0
DA:136,0
DA:139,0
DA:149,0
DA:151,0
DA:158,0
DA:159,0
DA:160,0
LF:29
LH:0
BRDA:42,0,0,0
BRDA:70,1,0,0
BRDA:102,2,0,0
BRDA:130,3,0,0
BRDA:134,4,0,0
BRDA:158,5,0,0
BRDA:158,6,0,0
BRDA:158,6,1,0
BRF:8
BRH:0
end_of_record
TN:
SF:src\core\config.ts
FN:12,getConfigPath
FN:15,(anonymous_1)
FN:23,loadConfig
FN:42,saveConfig
FN:62,createPairingManager
FN:69,(anonymous_5)
FN:70,(anonymous_6)
FN:76,(anonymous_7)
FN:77,(anonymous_8)
FN:83,(anonymous_9)
FN:90,(anonymous_10)
FN:92,(anonymous_11)
FN:99,(anonymous_12)
FN:101,(anonymous_13)
FN:108,(anonymous_14)
FN:109,(anonymous_15)
FN:123,(anonymous_16)
FN:130,(anonymous_17)
FNF:18
FNH:0
FNDA:0,getConfigPath
FNDA:0,(anonymous_1)
FNDA:0,loadConfig
FNDA:0,saveConfig
FNDA:0,createPairingManager
FNDA:0,(anonymous_5)
FNDA:0,(anonymous_6)
FNDA:0,(anonymous_7)
FNDA:0,(anonymous_8)
FNDA:0,(anonymous_9)
FNDA:0,(anonymous_10)
FNDA:0,(anonymous_11)
FNDA:0,(anonymous_12)
FNDA:0,(anonymous_13)
FNDA:0,(anonymous_14)
FNDA:0,(anonymous_15)
FNDA:0,(anonymous_16)
FNDA:0,(anonymous_17)
DA:13,0
DA:15,0
DA:24,0
DA:25,0
DA:26,0
DA:27,0
DA:28,0
DA:30,0
DA:31,0
DA:34,0
DA:35,0
DA:43,0
DA:44,0
DA:45,0
DA:46,0
DA:48,0
DA:52,0
DA:53,0
DA:55,0
DA:63,0
DA:65,0
DA:70,0
DA:77,0
DA:84,0
DA:92,0
DA:93,0
DA:100,0
DA:101,0
DA:102,0
DA:109,0
DA:110,0
DA:112,0
DA:113,0
DA:114,0
DA:115,0
DA:117,0
DA:124,0
DA:131,0
LF:38
LH:0
BRDA:14,0,0,0
BRDA:14,0,1,0
BRDA:14,0,2,0
BRDA:25,1,0,0
BRDA:25,1,1,0
BRDA:27,2,0,0
BRDA:27,2,1,0
BRDA:28,3,0,0
BRDA:28,3,1,0
BRDA:45,4,0,0
BRDA:110,5,0,0
BRDA:112,6,0,0
BRDA:113,7,0,0
BRDA:114,8,0,0
BRF:14
BRH:0
end_of_record
TN:
SF:src\lib\conflict-resolver.ts
FN:76,(anonymous_0)
FN:164,(anonymous_1)
FN:193,(anonymous_2)
FN:228,(anonymous_3)
FN:239,(anonymous_4)
FN:255,(anonymous_5)
FNF:6
FNH:6
FNDA:10,(anonymous_0)
FNDA:6,(anonymous_1)
FNDA:5,(anonymous_2)
FNDA:1,(anonymous_3)
FNDA:18,(anonymous_4)
FNDA:2,(anonymous_5)
DA:13,5
DA:64,5
DA:66,5
DA:82,10
DA:83,1
DA:94,9
DA:95,9
DA:96,9
DA:99,9
DA:100,9
DA:102,9
DA:103,9
DA:104,9
DA:107,9
DA:108,3
DA:120,6
DA:121,1
DA:133,5
DA:134,1
DA:146,4
DA:165,6
DA:167,6
DA:169,6
DA:170,12
DA:171,12
DA:174,12
DA:175,24
DA:177,24
DA:178,20
DA:182,6
DA:198,5
DA:200,2
DA:207,2
DA:216,1
DA:217,1
DA:229,1
DA:240,18
DA:262,2
DA:265,2
DA:266,1
DA:269,2
DA:276,5
LF:42
LH:42
BRDA:82,0,0,1
BRDA:103,1,0,5
BRDA:104,2,0,5
BRDA:107,3,0,3
BRDA:107,4,0,9
BRDA:107,4,1,4
BRDA:120,5,0,1
BRDA:120,6,0,6
BRDA:120,6,1,5
BRDA:133,7,0,1
BRDA:133,8,0,5
BRDA:133,8,1,1
BRDA:170,9,0,4
BRDA:170,9,1,8
BRDA:170,10,0,4
BRDA:170,10,1,4
BRDA:177,11,0,4
BRDA:177,12,0,24
BRDA:177,12,1,12
BRDA:198,13,0,2
BRDA:198,13,1,2
BRDA:198,13,2,1
BRDA:265,14,0,1
BRDA:265,15,0,2
BRDA:265,15,1,1
BRDA:265,15,2,1
BRF:26
BRH:26
end_of_record
TN:
SF:src\lib\file-watcher.ts
FN:40,(anonymous_0)
FN:49,(anonymous_1)
FN:74,(anonymous_2)
FN:80,(anonymous_3)
FN:81,(anonymous_4)
FN:82,(anonymous_5)
FN:83,(anonymous_6)
FN:84,(anonymous_7)
FN:95,(anonymous_8)
FN:120,(anonymous_9)
FN:142,(anonymous_10)
FN:156,(anonymous_11)
FN:169,(anonymous_12)
FN:176,(anonymous_13)
FNF:14
FNH:0
FNDA:0,(anonymous_0)
FNDA:0,(anonymous_1)
FNDA:0,(anonymous_2)
FNDA:0,(anonymous_3)
FNDA:0,(anonymous_4)
FNDA:0,(anonymous_5)
FNDA:0,(anonymous_6)
FNDA:0,(anonymous_7)
FNDA:0,(anonymous_8)
FNDA:0,(anonymous_9)
FNDA:0,(anonymous_10)
FNDA:0,(anonymous_11)
FNDA:0,(anonymous_12)
FNDA:0,(anonymous_13)
DA:32,0
DA:33,0
DA:34,0
DA:36,0
DA:37,0
DA:38,0
DA:41,0
DA:42,0
DA:50,0
DA:51,0
DA:54,0
DA:55,0
DA:58,0
DA:74,0
DA:75,0
DA:79,0
DA:80,0
DA:81,0
DA:82,0
DA:83,0
DA:85,0
DA:86,0
DA:89,0
DA:96,0
DA:97,0
DA:101,0
DA:102,0
DA:105,0
DA:106,0
DA:107,0
DA:108,0
DA:109,0
DA:110,0
DA:111,0
DA:113,0
DA:121,0
DA:122,0
DA:129,0
DA:130,0
DA:132,0
DA:135,0
DA:143,0
DA:144,0
DA:147,0
DA:148,0
DA:150,0
DA:157,0
DA:170,0
DA:177,0
LF:49
LH:0
BRDA:50,0,0,0
BRDA:55,1,0,0
BRDA:55,1,1,0
BRDA:85,2,0,0
BRDA:85,2,1,0
BRDA:96,3,0,0
BRDA:101,4,0,0
BRDA:143,5,0,0
BRF:8
BRH:0
end_of_record
TN:
SF:src\lib\frontmatter.ts
FN:36,extractFrontmatter
FN:68,updateFrontmatter
FN:101,stripFrontmatter
FN:117,generateFrontmatter
FN:130,hasFrontmatter
FN:154,extractTags
FNF:6
FNH:6
FNDA:28,extractFrontmatter
FNDA:82,updateFrontmatter
FNDA:83,stripFrontmatter
FNDA:4,generateFrontmatter
FNDA:4,hasFrontmatter
FNDA:12,extractTags
DA:11,6
DA:36,6
DA:37,28
DA:38,28
DA:39,27
DA:42,1
DA:68,6
DA:72,82
DA:73,82
DA:74,4
DA:75,4
DA:78,78
DA:79,78
DA:80,210
DA:81,210
DA:82,0
DA:84,210
DA:88,78
DA:89,78
DA:90,78
DA:91,78
DA:101,6
DA:102,83
DA:103,83
DA:104,83
DA:107,0
DA:117,6
DA:119,4
DA:121,4
DA:130,6
DA:131,4
DA:132,4
DA:133,4
DA:135,0
DA:154,6
DA:155,12
DA:156,12
DA:159,12
DA:160,11
DA:163,12
LF:40
LH:37
BRDA:80,0,0,210
BRDA:80,1,0,210
BRDA:80,1,1,210
BRDA:81,2,0,0
BRDA:81,2,1,210
BRF:5
BRH:4
end_of_record
TN:
SF:src\lib\single-file-sync.ts
FN:35,determineTypeIdFromPath
FN:57,resolveTagIds
FN:82,syncSingleFile
FN:162,handleFileDeleted
FN:196,createNewFile
FN:261,updateExistingFile
FNF:6
FNH:6
FNDA:12,determineTypeIdFromPath
FNDA:13,resolveTagIds
FNDA:20,syncSingleFile
FNDA:2,handleFileDeleted
FNDA:12,createNewFile
FNDA:2,updateExistingFile
DA:8,2
DA:9,2
DA:10,2
DA:11,2
DA:15,2
DA:36,12
DA:37,12
DA:40,12
DA:41,10
DA:45,2
DA:46,6
DA:47,1
DA:51,1
DA:58,13
DA:60,13
DA:61,6
DA:62,6
DA:63,5
DA:67,13
DA:82,2
DA:88,20
DA:90,20
DA:92,20
DA:93,20
DA:94,20
DA:95,18
DA:98,2
DA:102,18
DA:103,17
DA:104,16
DA:107,16
DA:108,16
DA:109,16
DA:112,16
DA:115,16
DA:117,12
DA:127,4
DA:129,2
DA:142,2
DA:150,3
DA:169,2
DA:171,2
DA:175,1
DA:176,1
DA:178,1
DA:186,1
DA:207,12
DA:208,12
DA:209,1
DA:218,11
DA:221,11
DA:231,11
DA:240,10
DA:241,1
DA:249,9
DA:250,9
DA:273,2
DA:276,2
DA:285,2
DA:294,2
DA:295,1
DA:303,1
LF:62
LH:62
BRDA:40,0,0,10
BRDA:46,1,0,1
BRDA:62,2,0,5
BRDA:107,3,0,16
BRDA:107,3,1,1
BRDA:109,4,0,16
BRDA:109,4,1,12
BRDA:115,5,0,12
BRDA:115,5,1,4
BRDA:115,6,0,16
BRDA:115,6,1,13
BRDA:127,7,0,2
BRDA:127,7,1,2
BRDA:127,8,0,4
BRDA:127,8,1,3
BRDA:171,9,0,1
BRDA:208,10,0,1
BRDA:240,11,0,1
BRDA:294,12,0,1
BRF:19
BRH:19
end_of_record
TN:
SF:src\lib\sync-executor.ts
FN:43,updateVaultFileFrontmatter
FN:64,revertVaultFile
FN:84,executeCreateOperation
FN:159,executeUpdateOperation
FN:210,rollbackOperations
FN:264,checkOperationConflict
FN:312,executeSyncBatch
FNF:7
FNH:7
FNDA:87,updateVaultFileFrontmatter
FNDA:5,revertVaultFile
FNDA:77,executeCreateOperation
FNDA:15,executeUpdateOperation
FNDA:9,rollbackOperations
FNDA:5,checkOperationConflict
FNDA:13,executeSyncBatch
DA:8,4
DA:9,4
DA:18,4
DA:19,4
DA:43,4
DA:47,87
DA:48,87
DA:51,87
DA:52,87
DA:53,87
DA:55,87
DA:64,4
DA:65,5
DA:66,5
DA:67,5
DA:84,4
DA:91,77
DA:92,77
DA:94,77
DA:96,77
DA:102,71
DA:109,71
DA:115,71
DA:122,71
DA:123,71
DA:129,71
DA:131,71
DA:136,71
DA:137,71
DA:140,6
DA:141,6
DA:142,6
DA:159,4
DA:166,15
DA:168,15
DA:174,14
DA:179,14
DA:180,14
DA:186,14
DA:188,14
DA:193,14
DA:194,14
DA:197,1
DA:198,1
DA:199,1
DA:210,4
DA:215,9
DA:218,9
DA:219,17
DA:221,17
DA:222,17
DA:224,5
DA:225,4
DA:226,4
DA:228,5
DA:233,6
DA:234,5
DA:235,5
DA:236,5
DA:238,0
DA:241,6
DA:244,6
DA:245,6
DA:246,5
DA:248,5
DA:251,1
DA:264,4
DA:269,5
DA:272,5
DA:273,2
DA:277,3
DA:278,1
DA:281,2
DA:282,2
DA:283,2
DA:289,2
DA:294,0
DA:312,4
DA:320,13
DA:321,13
DA:323,13
DA:334,13
DA:336,75
DA:337,75
DA:338,1
DA:339,1
DA:340,1
DA:343,74
DA:345,74
DA:346,5
DA:348,5
DA:349,3
DA:350,2
DA:352,3
DA:354,69
DA:355,69
DA:356,69
DA:365,10
DA:366,13
DA:368,13
DA:369,0
DA:371,0
DA:372,0
DA:373,0
DA:375,0
DA:377,13
DA:378,13
DA:379,13
DA:387,10
LF:109
LH:102
BRDA:140,0,0,6
BRDA:140,0,1,0
BRDA:197,1,0,1
BRDA:197,1,1,0
BRDA:222,2,0,5
BRDA:222,2,1,6
BRDA:222,2,2,6
BRDA:224,3,0,4
BRDA:224,4,0,5
BRDA:224,4,1,5
BRDA:233,5,0,5
BRDA:233,6,0,6
BRDA:233,6,1,5
BRDA:233,6,2,5
BRDA:244,7,0,6
BRDA:272,8,0,2
BRDA:277,9,0,1
BRDA:318,10,0,8
BRDA:320,11,0,8
BRDA:320,12,0,11
BRDA:337,13,0,1
BRDA:345,14,0,5
BRDA:345,14,1,69
BRDA:348,15,0,3
BRDA:349,16,0,2
BRDA:354,17,0,69
BRDA:368,18,0,0
BRDA:368,18,1,13
BRDA:371,19,0,0
BRDA:372,20,0,0
BRDA:377,21,0,13
BRF:31
BRH:26
end_of_record
TN:
SF:src\lib\sync-queue.ts
FN:71,(anonymous_10)
FN:89,(anonymous_11)
FN:119,(anonymous_12)
FN:132,(anonymous_13)
FN:133,(anonymous_14)
FN:153,(anonymous_15)
FN:163,(anonymous_16)
FN:230,(anonymous_17)
FN:233,(anonymous_18)
FN:250,(anonymous_19)
FN:257,(anonymous_20)
FN:277,(anonymous_21)
FN:286,(anonymous_22)
FN:294,(anonymous_23)
FN:304,(anonymous_24)
FN:311,(anonymous_25)
FN:312,(anonymous_26)
FNF:17
FNH:17
FNDA:36,(anonymous_10)
FNDA:31,(anonymous_11)
FNDA:48,(anonymous_12)
FNDA:49,(anonymous_13)
FNDA:49,(anonymous_14)
FNDA:49,(anonymous_15)
FNDA:49,(anonymous_16)
FNDA:21,(anonymous_17)
FNDA:15,(anonymous_18)
FNDA:4,(anonymous_19)
FNDA:2,(anonymous_20)
FNDA:2,(anonymous_21)
FNDA:2,(anonymous_22)
FNDA:2,(anonymous_23)
FNDA:4,(anonymous_24)
FNDA:66,(anonymous_25)
FNDA:66,(anonymous_26)
DA:1,1
DA:2,1
DA:55,1
DA:56,36
DA:57,36
DA:58,36
DA:59,36
DA:66,36
DA:67,36
DA:68,36
DA:69,36
DA:72,36
DA:73,36
DA:74,36
DA:75,36
DA:82,36
DA:90,31
DA:91,41
DA:94,41
DA:95,1
DA:99,40
DA:108,31
DA:111,31
DA:112,30
DA:120,48
DA:121,0
DA:124,48
DA:125,48
DA:128,48
DA:131,41
DA:132,41
DA:133,49
DA:136,41
DA:138,40
DA:139,40
DA:145,40
DA:146,16
DA:154,49
DA:155,49
DA:156,49
DA:158,49
DA:159,49
DA:163,98
DA:165,49
DA:173,45
DA:174,23
DA:178,22
DA:179,22
DA:180,22
DA:181,22
DA:183,22
DA:184,22
DA:185,22
DA:186,0
DA:189,22
DA:191,27
DA:194,27
DA:197,18
DA:200,18
DA:201,18
DA:203,18
DA:211,18
DA:212,17
DA:215,9
DA:216,9
DA:218,9
DA:232,21
DA:233,15
DA:236,21
DA:251,4
DA:258,2
DA:259,2
DA:261,2
DA:262,2
DA:263,2
DA:264,2
DA:267,2
DA:269,2
DA:270,2
DA:278,2
DA:279,2
DA:280,2
DA:287,2
DA:288,2
DA:295,2
DA:296,0
DA:298,2
DA:305,4
DA:312,66
LF:89
LH:86
BRDA:71,0,0,1
BRDA:76,1,0,36
BRDA:76,1,1,25
BRDA:77,2,0,36
BRDA:77,2,1,24
BRDA:78,3,0,36
BRDA:78,3,1,24
BRDA:79,4,0,36
BRDA:79,4,1,30
BRDA:80,5,0,36
BRDA:80,5,1,2
BRDA:94,6,0,1
BRDA:94,7,0,41
BRDA:94,7,1,41
BRDA:111,8,0,30
BRDA:120,9,0,0
BRDA:145,10,0,16
BRDA:173,11,0,23
BRDA:174,12,0,23
BRDA:174,12,1,0
BRDA:185,13,0,0
BRDA:194,14,0,18
BRDA:194,14,1,9
BRDA:232,15,0,9
BRDA:232,15,1,12
BRDA:269,16,0,2
BRDA:269,17,0,2
BRDA:269,17,1,2
BRDA:295,18,0,0
BRDA:295,19,0,2
BRDA:295,19,1,1
BRF:31
BRH:27
end_of_record
TN:
SF:src\lib\sync-state.ts
FN:30,(anonymous_1)
FN:39,(anonymous_2)
FN:72,(anonymous_3)
FN:107,(anonymous_4)
FN:114,(anonymous_5)
FN:122,(anonymous_6)
FN:132,(anonymous_7)
FN:139,(anonymous_8)
FN:146,(anonymous_9)
FN:153,(anonymous_10)
FN:160,(anonymous_11)
FN:172,(anonymous_12)
FNF:12
FNH:8
FNDA:16,(anonymous_1)
FNDA:15,(anonymous_2)
FNDA:4,(anonymous_3)
FNDA:8,(anonymous_4)
FNDA:10,(anonymous_5)
FNDA:2,(anonymous_6)
FNDA:2,(anonymous_7)
FNDA:3,(anonymous_8)
FNDA:0,(anonymous_9)
FNDA:0,(anonymous_10)
FNDA:0,(anonymous_11)
FNDA:0,(anonymous_12)
DA:8,1
DA:9,1
DA:24,1
DA:25,16
DA:28,16
DA:31,16
DA:32,16
DA:40,15
DA:42,15
DA:44,15
DA:45,3
DA:47,2
DA:48,2
DA:49,2
DA:52,0
DA:53,0
DA:56,13
DA:58,12
DA:59,12
DA:61,1
DA:62,1
DA:65,15
DA:73,4
DA:74,0
DA:77,4
DA:79,4
DA:81,4
DA:92,4
DA:93,4
DA:94,4
DA:96,4
DA:97,4
DA:99,0
DA:100,0
DA:108,8
DA:115,10
DA:116,10
DA:123,2
DA:124,1
DA:125,1
DA:133,2
DA:140,3
DA:147,0
DA:154,0
DA:161,0
DA:162,0
DA:163,0
DA:166,0
DA:173,0
DA:174,0
DA:177,0
DA:178,0
DA:181,0
LF:53
LH:37
BRDA:47,0,0,2
BRDA:47,0,1,0
BRDA:47,1,0,2
BRDA:47,1,1,2
BRDA:56,2,0,12
BRDA:56,2,1,1
BRDA:73,3,0,0
BRDA:73,4,0,4
BRDA:73,4,1,0
BRDA:123,5,0,1
BRDA:162,6,0,0
BRDA:177,7,0,0
BRF:12
BRH:7
end_of_record
TN:
SF:src\lib\sync.ts
FN:30,generateVaultToHacknPlanOps
FN:79,generateMarkdownFromElement
FN:107,generateHacknPlanToVaultOps
FN:170,executeFileOperations
FNF:4
FNH:0
FNDA:0,generateVaultToHacknPlanOps
FNDA:0,generateMarkdownFromElement
FNDA:0,generateHacknPlanToVaultOps
FNDA:0,executeFileOperations
DA:31,0
DA:37,0
DA:38,0
DA:39,0
DA:41,0
DA:42,0
DA:44,0
DA:46,0
DA:53,0
DA:56,0
DA:64,0
DA:69,0
DA:80,0
DA:82,0
DA:111,0
DA:118,0
DA:119,0
DA:120,0
DA:123,0
DA:124,0
DA:126,0
DA:127,0
DA:131,0
DA:134,0
DA:136,0
DA:137,0
DA:141,0
DA:144,0
DA:145,0
DA:146,0
DA:148,0
DA:155,0
DA:156,0
DA:158,0
DA:162,0
DA:171,0
DA:173,0
DA:174,0
DA:175,0
DA:176,0
DA:178,0
DA:179,0
LF:42
LH:0
BRDA:44,0,0,0
BRDA:44,0,1,0
BRDA:48,1,0,0
BRDA:48,1,1,0
BRDA:84,2,0,0
BRDA:84,2,1,0
BRDA:91,3,0,0
BRDA:91,3,1,0
BRDA:126,4,0,0
BRDA:136,5,0,0
BRDA:149,6,0,0
BRDA:149,6,1,0
BRDA:155,7,0,0
BRDA:155,7,1,0
BRDA:175,8,0,0
BRF:15
BRH:0
end_of_record
TN:
SF:src\lib\vault-scanner.ts
FN:23,scanVaultFolder
FN:28,collectFiles
FN:64,(anonymous_3)
FN:65,(anonymous_4)
FN:90,(anonymous_5)
FN:99,toDocumentInfo
FN:100,(anonymous_7)
FN:119,extractAllTags
FN:139,findDocument
FN:144,(anonymous_10)
FNF:10
FNH:8
FNDA:11,scanVaultFolder
FNDA:17,collectFiles
FNDA:12,(anonymous_3)
FNDA:12,(anonymous_4)
FNDA:12,(anonymous_5)
FNDA:3,toDocumentInfo
FNDA:4,(anonymous_7)
FNDA:2,extractAllTags
FNDA:0,findDocument
FNDA:0,(anonymous_10)
DA:7,1
DA:8,1
DA:9,1
DA:10,1
DA:12,1
DA:15,1
DA:23,1
DA:24,11
DA:25,11
DA:29,17
DA:30,17
DA:32,17
DA:34,17
DA:35,23
DA:36,23
DA:38,23
DA:40,7
DA:41,16
DA:42,12
DA:46,17
DA:49,0
DA:54,11
DA:55,11
DA:57,1
DA:61,10
DA:64,10
DA:65,12
DA:66,12
DA:67,12
DA:72,12
DA:81,0
DA:82,0
DA:87,10
DA:90,12
DA:99,1
DA:100,3
DA:101,4
DA:102,4
DA:119,1
DA:120,2
DA:122,2
DA:123,3
DA:124,3
DA:125,4
DA:129,2
DA:139,1
DA:143,0
DA:144,0
LF:48
LH:43
BRDA:28,0,0,10
BRDA:36,1,0,7
BRDA:36,1,1,16
BRDA:38,2,0,7
BRDA:38,2,1,16
BRDA:38,3,0,23
BRDA:38,3,1,9
BRDA:41,4,0,12
BRDA:41,5,0,16
BRDA:41,5,1,14
BRDA:108,6,0,1
BRDA:108,6,1,3
BRDA:125,7,0,4
BRDA:125,7,1,3
BRF:14
BRH:14
end_of_record
TN:
SF:src\tools\cross-reference.ts
FN:58,(anonymous_0)
FN:99,(anonymous_1)
FN:125,(anonymous_2)
FN:168,(anonymous_3)
FNF:4
FNH:0
FNDA:0,(anonymous_0)
FNDA:0,(anonymous_1)
FNDA:0,(anonymous_2)
FNDA:0,(anonymous_3)
DA:42,0
DA:59,0
DA:60,0
DA:61,0
DA:64,0
DA:69,0
DA:71,0
DA:84,0
DA:100,0
DA:101,0
DA:102,0
DA:105,0
DA:106,0
DA:108,0
DA:109,0
DA:110,0
DA:112,0
DA:113,0
DA:118,0
DA:122,0
DA:125,0
DA:136,0
DA:169,0
DA:171,0
DA:173,0
DA:174,0
DA:175,0
DA:176,0
DA:180,0
DA:181,0
DA:182,0
DA:183,0
DA:187,0
DA:188,0
DA:189,0
DA:190,0
DA:194,0
DA:195,0
DA:196,0
DA:197,0
DA:201,0
DA:208,0
LF:42
LH:0
BRDA:60,0,0,0
BRDA:64,1,0,0
BRDA:64,1,1,0
BRDA:74,2,0,0
BRDA:74,2,1,0
BRDA:75,3,0,0
BRDA:75,3,1,0
BRDA:76,4,0,0
BRDA:76,4,1,0
BRDA:101,5,0,0
BRDA:108,6,0,0
BRDA:108,6,1,0
BRDA:112,7,0,0
BRDA:112,7,1,0
BRDA:173,8,0,0
BRDA:180,9,0,0
BRDA:187,10,0,0
BRDA:187,11,0,0
BRDA:187,11,1,0
BRDA:194,12,0,0
BRF:20
BRH:0
end_of_record
TN:
SF:src\tools\file-watcher.ts
FN:21,(anonymous_0)
FN:54,(anonymous_1)
FN:55,(anonymous_2)
FN:78,(anonymous_3)
FN:105,(anonymous_4)
FN:111,(anonymous_5)
FNF:6
FNH:0
FNDA:0,(anonymous_0)
FNDA:0,(anonymous_1)
FNDA:0,(anonymous_2)
FNDA:0,(anonymous_3)
FNDA:0,(anonymous_4)
FNDA:0,(anonymous_5)
DA:4,0
DA:22,0
DA:25,0
DA:26,0
DA:27,0
DA:33,0
DA:34,0
DA:35,0
DA:36,0
DA:41,0
DA:47,0
DA:48,0
DA:54,0
DA:55,0
DA:58,0
DA:59,0
DA:64,0
DA:71,0
DA:79,0
DA:80,0
DA:85,0
DA:86,0
DA:87,0
DA:91,0
DA:98,0
DA:106,0
DA:107,0
DA:109,0
DA:111,0
LF:29
LH:0
BRDA:26,0,0,0
BRDA:33,1,0,0
BRDA:35,2,0,0
BRDA:79,3,0,0
BRF:4
BRH:0
end_of_record
TN:
SF:src\tools\pairing.ts
FN:64,(anonymous_0)
FN:97,(anonymous_1)
FN:114,(anonymous_2)
FN:132,(anonymous_3)
FN:157,(anonymous_4)
FNF:5
FNH:0
FNDA:0,(anonymous_0)
FNDA:0,(anonymous_1)
FNDA:0,(anonymous_2)
FNDA:0,(anonymous_3)
FNDA:0,(anonymous_4)
DA:39,0
DA:65,0
DA:66,0
DA:77,0
DA:78,0
DA:80,0
DA:87,0
DA:98,0
DA:99,0
DA:100,0
DA:107,0
DA:115,0
DA:122,0
DA:133,0
DA:134,0
DA:144,0
DA:158,0
DA:164,0
DA:165,0
DA:168,0
DA:169,0
DA:176,0
LF:22
LH:0
BRDA:70,0,0,0
BRDA:70,0,1,0
BRDA:71,1,0,0
BRDA:71,1,1,0
BRDA:72,2,0,0
BRDA:72,2,1,0
BRDA:134,3,0,0
BRDA:134,3,1,0
BRDA:164,4,0,0
BRF:9
BRH:0
end_of_record
TN:
SF:src\tools\queue.ts
FN:11,(anonymous_0)
FN:33,(anonymous_1)
FN:53,(anonymous_2)
FN:70,(anonymous_3)
FN:93,(anonymous_4)
FN:115,(anonymous_5)
FNF:6
FNH:0
FNDA:0,(anonymous_0)
FNDA:0,(anonymous_1)
FNDA:0,(anonymous_2)
FNDA:0,(anonymous_3)
FNDA:0,(anonymous_4)
FNDA:0,(anonymous_5)
DA:4,0
DA:12,0
DA:13,0
DA:18,0
DA:19,0
DA:26,0
DA:34,0
DA:35,0
DA:40,0
DA:41,0
DA:43,0
DA:44,0
DA:49,0
DA:51,0
DA:53,0
DA:63,0
DA:71,0
DA:72,0
DA:77,0
DA:78,0
DA:80,0
DA:86,0
DA:94,0
DA:95,0
DA:100,0
DA:102,0
DA:108,0
DA:116,0
DA:117,0
DA:122,0
DA:124,0
DA:130,0
LF:32
LH:0
BRDA:12,0,0,0
BRDA:34,1,0,0
BRDA:43,2,0,0
BRDA:71,3,0,0
BRDA:94,4,0,0
BRDA:116,5,0,0
BRF:6
BRH:0
end_of_record
TN:
SF:src\tools\registry.ts
FN:26,createToolRegistry
FN:48,getToolSchemas
FN:51,(anonymous_2)
FN:71,executeTool
FN:94,createGlobalRegistry
FNF:5
FNH:0
FNDA:0,createToolRegistry
FNDA:0,getToolSchemas
FNDA:0,(anonymous_2)
FNDA:0,executeTool
FNDA:0,createGlobalRegistry
DA:27,0
DA:29,0
DA:30,0
DA:31,0
DA:33,0
DA:36,0
DA:51,0
DA:77,0
DA:79,0
DA:80,0
DA:83,0
DA:95,0
LF:12
LH:0
BRDA:30,0,0,0
BRDA:79,1,0,0
BRF:2
BRH:0
end_of_record
TN:
SF:src\tools\sync.ts
FN:88,(anonymous_0)
FN:179,(anonymous_1)
FNF:2
FNH:0
FNDA:0,(anonymous_0)
FNDA:0,(anonymous_1)
DA:70,0
DA:89,0
DA:90,0
DA:91,0
DA:95,0
DA:98,0
DA:99,0
DA:112,0
DA:113,0
DA:119,0
DA:121,0
DA:131,0
DA:134,0
DA:135,0
DA:136,0
DA:138,0
DA:141,0
DA:146,0
DA:153,0
DA:180,0
DA:181,0
DA:182,0
DA:185,0
DA:188,0
DA:189,0
DA:192,0
DA:207,0
LF:27
LH:0
BRDA:90,0,0,0
BRDA:98,1,0,0
BRDA:112,2,0,0
BRDA:181,3,0,0
BRDA:185,4,0,0
BRDA:185,4,1,0
BRDA:188,5,0,0
BRDA:193,6,0,0
BRDA:193,6,1,0
BRF:9
BRH:0
end_of_record
TN:
SF:src\tools\vault.ts
FN:52,(anonymous_0)
FN:87,(anonymous_1)
FN:99,(anonymous_2)
FN:100,(anonymous_3)
FNF:4
FNH:0
FNDA:0,(anonymous_0)
FNDA:0,(anonymous_1)
FNDA:0,(anonymous_2)
FNDA:0,(anonymous_3)
DA:41,0
DA:53,0
DA:54,0
DA:55,0
DA:58,0
DA:63,0
DA:65,0
DA:77,0
DA:88,0
DA:89,0
DA:90,0
DA:94,0
DA:95,0
DA:98,0
DA:99,0
DA:100,0
DA:106,0
DA:117,0
LF:18
LH:0
BRDA:54,0,0,0
BRDA:58,1,0,0
BRDA:58,1,1,0
BRDA:89,2,0,0
BRDA:103,3,0,0
BRDA:103,3,1,0
BRF:6
BRH:0
end_of_record
