TN:
SF:src\core\client.ts
FN:41,(anonymous_0)
FN:55,(anonymous_1)
FN:86,(anonymous_2)
FN:117,(anonymous_3)
FN:148,(anonymous_4)
FNF:5
FNH:0
FNDA:0,(anonymous_0)
FNDA:0,(anonymous_1)
FNDA:0,(anonymous_2)
FNDA:0,(anonymous_3)
FNDA:0,(anonymous_4)
DA:38,0
DA:42,0
DA:43,0
DA:45,0
DA:59,0
DA:61,0
DA:70,0
DA:71,0
DA:72,0
DA:75,0
DA:91,0
DA:93,0
DA:102,0
DA:103,0
DA:104,0
DA:107,0
DA:121,0
DA:123,0
DA:130,0
DA:131,0
DA:134,0
DA:135,0
DA:136,0
DA:139,0
DA:149,0
DA:151,0
DA:158,0
DA:159,0
DA:160,0
LF:29
LH:0
BRDA:42,0,0,0
BRDA:70,1,0,0
BRDA:102,2,0,0
BRDA:130,3,0,0
BRDA:134,4,0,0
BRDA:158,5,0,0
BRDA:158,6,0,0
BRDA:158,6,1,0
BRF:8
BRH:0
end_of_record
TN:
SF:src\core\config.ts
FN:12,getConfigPath
FN:15,(anonymous_1)
FN:23,loadConfig
FN:42,saveConfig
FN:62,createPairingManager
FN:69,(anonymous_5)
FN:70,(anonymous_6)
FN:76,(anonymous_7)
FN:77,(anonymous_8)
FN:83,(anonymous_9)
FN:90,(anonymous_10)
FN:92,(anonymous_11)
FN:99,(anonymous_12)
FN:101,(anonymous_13)
FN:108,(anonymous_14)
FN:109,(anonymous_15)
FN:123,(anonymous_16)
FN:130,(anonymous_17)
FNF:18
FNH:0
FNDA:0,getConfigPath
FNDA:0,(anonymous_1)
FNDA:0,loadConfig
FNDA:0,saveConfig
FNDA:0,createPairingManager
FNDA:0,(anonymous_5)
FNDA:0,(anonymous_6)
FNDA:0,(anonymous_7)
FNDA:0,(anonymous_8)
FNDA:0,(anonymous_9)
FNDA:0,(anonymous_10)
FNDA:0,(anonymous_11)
FNDA:0,(anonymous_12)
FNDA:0,(anonymous_13)
FNDA:0,(anonymous_14)
FNDA:0,(anonymous_15)
FNDA:0,(anonymous_16)
FNDA:0,(anonymous_17)
DA:13,0
DA:15,0
DA:24,0
DA:25,0
DA:26,0
DA:27,0
DA:28,0
DA:30,0
DA:31,0
DA:34,0
DA:35,0
DA:43,0
DA:44,0
DA:45,0
DA:46,0
DA:48,0
DA:52,0
DA:53,0
DA:55,0
DA:63,0
DA:65,0
DA:70,0
DA:77,0
DA:84,0
DA:92,0
DA:93,0
DA:100,0
DA:101,0
DA:102,0
DA:109,0
DA:110,0
DA:112,0
DA:113,0
DA:114,0
DA:115,0
DA:117,0
DA:124,0
DA:131,0
LF:38
LH:0
BRDA:14,0,0,0
BRDA:14,0,1,0
BRDA:14,0,2,0
BRDA:25,1,0,0
BRDA:25,1,1,0
BRDA:27,2,0,0
BRDA:27,2,1,0
BRDA:28,3,0,0
BRDA:28,3,1,0
BRDA:45,4,0,0
BRDA:110,5,0,0
BRDA:112,6,0,0
BRDA:113,7,0,0
BRDA:114,8,0,0
BRF:14
BRH:0
end_of_record
TN:
SF:src\lib\conflict-resolver.ts
FN:76,(anonymous_0)
FN:164,(anonymous_1)
FN:193,(anonymous_2)
FN:228,(anonymous_3)
FN:239,(anonymous_4)
FN:255,(anonymous_5)
FNF:6
FNH:6
FNDA:9,(anonymous_0)
FNDA:6,(anonymous_1)
FNDA:3,(anonymous_2)
FNDA:1,(anonymous_3)
FNDA:16,(anonymous_4)
FNDA:2,(anonymous_5)
DA:13,3
DA:64,3
DA:66,3
DA:82,9
DA:83,1
DA:94,8
DA:95,8
DA:96,8
DA:99,8
DA:100,8
DA:102,8
DA:103,8
DA:104,8
DA:107,8
DA:108,3
DA:120,5
DA:121,1
DA:133,4
DA:134,1
DA:146,3
DA:165,6
DA:167,6
DA:169,6
DA:170,12
DA:171,12
DA:174,12
DA:175,24
DA:177,24
DA:178,20
DA:182,6
DA:198,3
DA:200,1
DA:207,1
DA:216,1
DA:217,1
DA:229,1
DA:240,16
DA:262,2
DA:265,2
DA:266,1
DA:269,2
DA:276,3
LF:42
LH:42
BRDA:82,0,0,1
BRDA:103,1,0,4
BRDA:104,2,0,4
BRDA:107,3,0,3
BRDA:107,4,0,8
BRDA:107,4,1,4
BRDA:120,5,0,1
BRDA:120,6,0,5
BRDA:120,6,1,4
BRDA:133,7,0,1
BRDA:133,8,0,4
BRDA:133,8,1,1
BRDA:170,9,0,4
BRDA:170,9,1,8
BRDA:170,10,0,4
BRDA:170,10,1,4
BRDA:177,11,0,4
BRDA:177,12,0,24
BRDA:177,12,1,12
BRDA:198,13,0,1
BRDA:198,13,1,1
BRDA:198,13,2,1
BRDA:265,14,0,1
BRDA:265,15,0,2
BRDA:265,15,1,1
BRDA:265,15,2,1
BRF:26
BRH:26
end_of_record
TN:
SF:src\lib\file-watcher.ts
FN:40,(anonymous_0)
FN:49,(anonymous_1)
FN:74,(anonymous_2)
FN:80,(anonymous_3)
FN:81,(anonymous_4)
FN:82,(anonymous_5)
FN:83,(anonymous_6)
FN:84,(anonymous_7)
FN:95,(anonymous_8)
FN:120,(anonymous_9)
FN:142,(anonymous_10)
FN:156,(anonymous_11)
FN:169,(anonymous_12)
FN:176,(anonymous_13)
FNF:14
FNH:0
FNDA:0,(anonymous_0)
FNDA:0,(anonymous_1)
FNDA:0,(anonymous_2)
FNDA:0,(anonymous_3)
FNDA:0,(anonymous_4)
FNDA:0,(anonymous_5)
FNDA:0,(anonymous_6)
FNDA:0,(anonymous_7)
FNDA:0,(anonymous_8)
FNDA:0,(anonymous_9)
FNDA:0,(anonymous_10)
FNDA:0,(anonymous_11)
FNDA:0,(anonymous_12)
FNDA:0,(anonymous_13)
DA:32,0
DA:33,0
DA:34,0
DA:36,0
DA:37,0
DA:38,0
DA:41,0
DA:42,0
DA:50,0
DA:51,0
DA:54,0
DA:55,0
DA:58,0
DA:74,0
DA:75,0
DA:79,0
DA:80,0
DA:81,0
DA:82,0
DA:83,0
DA:85,0
DA:86,0
DA:89,0
DA:96,0
DA:97,0
DA:101,0
DA:102,0
DA:105,0
DA:106,0
DA:107,0
DA:108,0
DA:109,0
DA:110,0
DA:111,0
DA:113,0
DA:121,0
DA:122,0
DA:129,0
DA:130,0
DA:132,0
DA:135,0
DA:143,0
DA:144,0
DA:147,0
DA:148,0
DA:150,0
DA:157,0
DA:170,0
DA:177,0
LF:49
LH:0
BRDA:50,0,0,0
BRDA:55,1,0,0
BRDA:55,1,1,0
BRDA:85,2,0,0
BRDA:85,2,1,0
BRDA:96,3,0,0
BRDA:101,4,0,0
BRDA:143,5,0,0
BRF:8
BRH:0
end_of_record
TN:
SF:src\lib\frontmatter.ts
FN:36,extractFrontmatter
FN:68,updateFrontmatter
FN:101,stripFrontmatter
FN:117,generateFrontmatter
FN:130,hasFrontmatter
FN:154,extractTags
FNF:6
FNH:6
FNDA:28,extractFrontmatter
FNDA:4,updateFrontmatter
FNDA:3,stripFrontmatter
FNDA:4,generateFrontmatter
FNDA:4,hasFrontmatter
FNDA:12,extractTags
DA:11,4
DA:36,4
DA:37,28
DA:38,28
DA:39,27
DA:42,1
DA:68,4
DA:72,4
DA:73,4
DA:74,4
DA:75,4
DA:78,0
DA:79,0
DA:80,0
DA:81,0
DA:82,0
DA:84,0
DA:88,0
DA:89,0
DA:90,0
DA:91,0
DA:101,4
DA:102,3
DA:103,3
DA:104,3
DA:107,0
DA:117,4
DA:119,4
DA:121,4
DA:130,4
DA:131,4
DA:132,4
DA:133,4
DA:135,0
DA:154,4
DA:155,12
DA:156,12
DA:159,12
DA:160,11
DA:163,12
LF:40
LH:28
BRDA:80,0,0,0
BRDA:80,1,0,0
BRDA:80,1,1,0
BRDA:81,2,0,0
BRDA:81,2,1,0
BRF:5
BRH:0
end_of_record
TN:
SF:src\lib\single-file-sync.ts
FN:35,determineTypeIdFromPath
FN:57,resolveTagIds
FN:82,syncSingleFile
FN:162,handleFileDeleted
FN:196,createNewFile
FN:261,updateExistingFile
FNF:6
FNH:6
FNDA:12,determineTypeIdFromPath
FNDA:13,resolveTagIds
FNDA:20,syncSingleFile
FNDA:2,handleFileDeleted
FNDA:12,createNewFile
FNDA:2,updateExistingFile
DA:8,2
DA:9,2
DA:10,2
DA:11,2
DA:15,2
DA:36,12
DA:37,12
DA:40,12
DA:41,10
DA:45,2
DA:46,6
DA:47,1
DA:51,1
DA:58,13
DA:60,13
DA:61,6
DA:62,6
DA:63,5
DA:67,13
DA:82,2
DA:88,20
DA:90,20
DA:92,20
DA:93,20
DA:94,20
DA:95,18
DA:98,2
DA:102,18
DA:103,17
DA:104,16
DA:107,16
DA:108,16
DA:109,16
DA:112,16
DA:115,16
DA:117,12
DA:127,4
DA:129,2
DA:142,2
DA:150,3
DA:169,2
DA:171,2
DA:175,1
DA:176,1
DA:178,1
DA:186,1
DA:207,12
DA:208,12
DA:209,1
DA:218,11
DA:221,11
DA:231,11
DA:240,10
DA:241,1
DA:249,9
DA:250,9
DA:273,2
DA:276,2
DA:285,2
DA:294,2
DA:295,1
DA:303,1
LF:62
LH:62
BRDA:40,0,0,10
BRDA:46,1,0,1
BRDA:62,2,0,5
BRDA:107,3,0,16
BRDA:107,3,1,1
BRDA:109,4,0,16
BRDA:109,4,1,12
BRDA:115,5,0,12
BRDA:115,5,1,4
BRDA:115,6,0,16
BRDA:115,6,1,13
BRDA:127,7,0,2
BRDA:127,7,1,2
BRDA:127,8,0,4
BRDA:127,8,1,3
BRDA:171,9,0,1
BRDA:208,10,0,1
BRDA:240,11,0,1
BRDA:294,12,0,1
BRF:19
BRH:19
end_of_record
TN:
SF:src\lib\sync-executor.ts
FN:43,updateVaultFileFrontmatter
FN:64,revertVaultFile
FN:84,executeCreateOperation
FN:159,executeUpdateOperation
FN:210,rollbackOperations
FN:264,checkOperationConflict
FN:312,executeSyncBatch
FNF:7
FNH:0
FNDA:0,updateVaultFileFrontmatter
FNDA:0,revertVaultFile
FNDA:0,executeCreateOperation
FNDA:0,executeUpdateOperation
FNDA:0,rollbackOperations
FNDA:0,checkOperationConflict
FNDA:0,executeSyncBatch
DA:8,2
DA:9,2
DA:18,2
DA:19,2
DA:43,2
DA:47,0
DA:48,0
DA:51,0
DA:52,0
DA:53,0
DA:55,0
DA:64,2
DA:65,0
DA:66,0
DA:67,0
DA:84,2
DA:91,0
DA:92,0
DA:94,0
DA:96,0
DA:102,0
DA:109,0
DA:115,0
DA:122,0
DA:123,0
DA:129,0
DA:131,0
DA:136,0
DA:137,0
DA:140,0
DA:141,0
DA:142,0
DA:159,2
DA:166,0
DA:168,0
DA:174,0
DA:179,0
DA:180,0
DA:186,0
DA:188,0
DA:193,0
DA:194,0
DA:197,0
DA:198,0
DA:199,0
DA:210,2
DA:215,0
DA:218,0
DA:219,0
DA:221,0
DA:222,0
DA:224,0
DA:225,0
DA:226,0
DA:228,0
DA:233,0
DA:234,0
DA:235,0
DA:236,0
DA:238,0
DA:241,0
DA:244,0
DA:245,0
DA:246,0
DA:248,0
DA:251,0
DA:264,2
DA:269,0
DA:272,0
DA:273,0
DA:277,0
DA:278,0
DA:281,0
DA:282,0
DA:283,0
DA:289,0
DA:294,0
DA:312,2
DA:320,0
DA:321,0
DA:323,0
DA:334,0
DA:336,0
DA:337,0
DA:338,0
DA:339,0
DA:340,0
DA:343,0
DA:345,0
DA:346,0
DA:348,0
DA:349,0
DA:350,0
DA:352,0
DA:354,0
DA:355,0
DA:356,0
DA:365,0
DA:366,0
DA:368,0
DA:369,0
DA:371,0
DA:372,0
DA:373,0
DA:375,0
DA:377,0
DA:378,0
DA:379,0
DA:387,0
LF:109
LH:11
BRDA:140,0,0,0
BRDA:140,0,1,0
BRDA:197,1,0,0
BRDA:197,1,1,0
BRDA:222,2,0,0
BRDA:222,2,1,0
BRDA:222,2,2,0
BRDA:224,3,0,0
BRDA:224,4,0,0
BRDA:224,4,1,0
BRDA:233,5,0,0
BRDA:233,6,0,0
BRDA:233,6,1,0
BRDA:233,6,2,0
BRDA:244,7,0,0
BRDA:272,8,0,0
BRDA:277,9,0,0
BRDA:318,10,0,0
BRDA:320,11,0,0
BRDA:320,12,0,0
BRDA:337,13,0,0
BRDA:345,14,0,0
BRDA:345,14,1,0
BRDA:348,15,0,0
BRDA:349,16,0,0
BRDA:354,17,0,0
BRDA:368,18,0,0
BRDA:368,18,1,0
BRDA:371,19,0,0
BRDA:372,20,0,0
BRDA:377,21,0,0
BRF:31
BRH:0
end_of_record
TN:
SF:src\lib\sync-queue.ts
FN:71,(anonymous_10)
FN:89,(anonymous_11)
FN:119,(anonymous_12)
FN:132,(anonymous_13)
FN:133,(anonymous_14)
FN:153,(anonymous_15)
FN:163,(anonymous_16)
FN:230,(anonymous_17)
FN:233,(anonymous_18)
FN:250,(anonymous_19)
FN:257,(anonymous_20)
FN:277,(anonymous_21)
FN:286,(anonymous_22)
FN:294,(anonymous_23)
FN:304,(anonymous_24)
FN:311,(anonymous_25)
FN:312,(anonymous_26)
FNF:17
FNH:17
FNDA:35,(anonymous_10)
FNDA:30,(anonymous_11)
FNDA:41,(anonymous_12)
FNDA:44,(anonymous_13)
FNDA:44,(anonymous_14)
FNDA:44,(anonymous_15)
FNDA:44,(anonymous_16)
FNDA:21,(anonymous_17)
FNDA:16,(anonymous_18)
FNDA:4,(anonymous_19)
FNDA:2,(anonymous_20)
FNDA:2,(anonymous_21)
FNDA:3,(anonymous_22)
FNDA:1,(anonymous_23)
FNDA:3,(anonymous_24)
FNDA:56,(anonymous_25)
FNDA:56,(anonymous_26)
DA:1,1
DA:2,1
DA:55,1
DA:56,35
DA:57,35
DA:58,35
DA:59,35
DA:66,35
DA:67,35
DA:68,35
DA:69,35
DA:72,35
DA:73,35
DA:74,35
DA:75,35
DA:82,35
DA:90,30
DA:91,40
DA:94,40
DA:95,0
DA:99,40
DA:108,30
DA:111,30
DA:112,29
DA:120,41
DA:121,0
DA:124,41
DA:125,41
DA:128,41
DA:131,36
DA:132,36
DA:133,44
DA:136,36
DA:138,33
DA:139,33
DA:145,33
DA:146,11
DA:154,44
DA:155,44
DA:156,44
DA:158,44
DA:159,44
DA:163,88
DA:165,44
DA:173,40
DA:174,17
DA:178,23
DA:179,23
DA:180,23
DA:181,23
DA:183,23
DA:184,23
DA:185,23
DA:186,0
DA:189,23
DA:191,21
DA:194,21
DA:197,15
DA:200,15
DA:201,15
DA:203,15
DA:211,15
DA:212,12
DA:215,6
DA:216,6
DA:218,6
DA:232,21
DA:233,16
DA:236,21
DA:251,4
DA:258,2
DA:259,2
DA:261,2
DA:262,1
DA:263,1
DA:264,1
DA:267,2
DA:269,1
DA:270,1
DA:278,2
DA:279,2
DA:280,2
DA:287,3
DA:288,3
DA:295,1
DA:296,0
DA:298,1
DA:305,3
DA:312,56
LF:89
LH:85
BRDA:71,0,0,1
BRDA:76,1,0,35
BRDA:76,1,1,24
BRDA:77,2,0,35
BRDA:77,2,1,24
BRDA:78,3,0,35
BRDA:78,3,1,24
BRDA:79,4,0,35
BRDA:79,4,1,29
BRDA:80,5,0,35
BRDA:80,5,1,2
BRDA:94,6,0,0
BRDA:94,7,0,40
BRDA:94,7,1,40
BRDA:111,8,0,29
BRDA:120,9,0,0
BRDA:145,10,0,11
BRDA:173,11,0,17
BRDA:174,12,0,17
BRDA:174,12,1,0
BRDA:185,13,0,0
BRDA:194,14,0,15
BRDA:194,14,1,6
BRDA:232,15,0,11
BRDA:232,15,1,10
BRDA:269,16,0,1
BRDA:269,17,0,1
BRDA:269,17,1,1
BRDA:295,18,0,0
BRDA:295,19,0,1
BRDA:295,19,1,0
BRF:31
BRH:25
end_of_record
TN:
SF:src\lib\sync-state.ts
FN:30,(anonymous_1)
FN:39,(anonymous_2)
FN:72,(anonymous_3)
FN:107,(anonymous_4)
FN:114,(anonymous_5)
FN:122,(anonymous_6)
FN:132,(anonymous_7)
FN:139,(anonymous_8)
FN:146,(anonymous_9)
FN:153,(anonymous_10)
FN:160,(anonymous_11)
FN:172,(anonymous_12)
FNF:12
FNH:8
FNDA:16,(anonymous_1)
FNDA:15,(anonymous_2)
FNDA:4,(anonymous_3)
FNDA:8,(anonymous_4)
FNDA:10,(anonymous_5)
FNDA:2,(anonymous_6)
FNDA:2,(anonymous_7)
FNDA:3,(anonymous_8)
FNDA:0,(anonymous_9)
FNDA:0,(anonymous_10)
FNDA:0,(anonymous_11)
FNDA:0,(anonymous_12)
DA:8,1
DA:9,1
DA:24,1
DA:25,16
DA:28,16
DA:31,16
DA:32,16
DA:40,15
DA:42,15
DA:44,15
DA:45,3
DA:47,2
DA:48,2
DA:49,2
DA:52,0
DA:53,0
DA:56,13
DA:58,12
DA:59,12
DA:61,1
DA:62,1
DA:65,15
DA:73,4
DA:74,0
DA:77,4
DA:79,4
DA:81,4
DA:92,4
DA:93,4
DA:94,4
DA:96,4
DA:97,4
DA:99,0
DA:100,0
DA:108,8
DA:115,10
DA:116,10
DA:123,2
DA:124,1
DA:125,1
DA:133,2
DA:140,3
DA:147,0
DA:154,0
DA:161,0
DA:162,0
DA:163,0
DA:166,0
DA:173,0
DA:174,0
DA:177,0
DA:178,0
DA:181,0
LF:53
LH:37
BRDA:47,0,0,2
BRDA:47,0,1,0
BRDA:47,1,0,2
BRDA:47,1,1,2
BRDA:56,2,0,12
BRDA:56,2,1,1
BRDA:73,3,0,0
BRDA:73,4,0,4
BRDA:73,4,1,0
BRDA:123,5,0,1
BRDA:162,6,0,0
BRDA:177,7,0,0
BRF:12
BRH:7
end_of_record
TN:
SF:src\lib\sync.ts
FN:30,generateVaultToHacknPlanOps
FN:79,generateMarkdownFromElement
FN:107,generateHacknPlanToVaultOps
FN:170,executeFileOperations
FNF:4
FNH:0
FNDA:0,generateVaultToHacknPlanOps
FNDA:0,generateMarkdownFromElement
FNDA:0,generateHacknPlanToVaultOps
FNDA:0,executeFileOperations
DA:31,0
DA:37,0
DA:38,0
DA:39,0
DA:41,0
DA:42,0
DA:44,0
DA:46,0
DA:53,0
DA:56,0
DA:64,0
DA:69,0
DA:80,0
DA:82,0
DA:111,0
DA:118,0
DA:119,0
DA:120,0
DA:123,0
DA:124,0
DA:126,0
DA:127,0
DA:131,0
DA:134,0
DA:136,0
DA:137,0
DA:141,0
DA:144,0
DA:145,0
DA:146,0
DA:148,0
DA:155,0
DA:156,0
DA:158,0
DA:162,0
DA:171,0
DA:173,0
DA:174,0
DA:175,0
DA:176,0
DA:178,0
DA:179,0
LF:42
LH:0
BRDA:44,0,0,0
BRDA:44,0,1,0
BRDA:48,1,0,0
BRDA:48,1,1,0
BRDA:84,2,0,0
BRDA:84,2,1,0
BRDA:91,3,0,0
BRDA:91,3,1,0
BRDA:126,4,0,0
BRDA:136,5,0,0
BRDA:149,6,0,0
BRDA:149,6,1,0
BRDA:155,7,0,0
BRDA:155,7,1,0
BRDA:175,8,0,0
BRF:15
BRH:0
end_of_record
TN:
SF:src\lib\vault-scanner.ts
FN:23,scanVaultFolder
FN:28,collectFiles
FN:64,(anonymous_3)
FN:65,(anonymous_4)
FN:90,(anonymous_5)
FN:99,toDocumentInfo
FN:100,(anonymous_7)
FN:119,extractAllTags
FN:139,findDocument
FN:144,(anonymous_10)
FNF:10
FNH:8
FNDA:11,scanVaultFolder
FNDA:17,collectFiles
FNDA:12,(anonymous_3)
FNDA:12,(anonymous_4)
FNDA:12,(anonymous_5)
FNDA:3,toDocumentInfo
FNDA:4,(anonymous_7)
FNDA:2,extractAllTags
FNDA:0,findDocument
FNDA:0,(anonymous_10)
DA:7,1
DA:8,1
DA:9,1
DA:10,1
DA:12,1
DA:15,1
DA:23,1
DA:24,11
DA:25,11
DA:29,17
DA:30,17
DA:32,17
DA:34,17
DA:35,23
DA:36,23
DA:38,23
DA:40,7
DA:41,16
DA:42,12
DA:46,17
DA:49,0
DA:54,11
DA:55,11
DA:57,1
DA:61,10
DA:64,10
DA:65,12
DA:66,12
DA:67,12
DA:72,12
DA:81,0
DA:82,0
DA:87,10
DA:90,12
DA:99,1
DA:100,3
DA:101,4
DA:102,4
DA:119,1
DA:120,2
DA:122,2
DA:123,3
DA:124,3
DA:125,4
DA:129,2
DA:139,1
DA:143,0
DA:144,0
LF:48
LH:43
BRDA:28,0,0,10
BRDA:36,1,0,7
BRDA:36,1,1,16
BRDA:38,2,0,7
BRDA:38,2,1,16
BRDA:38,3,0,23
BRDA:38,3,1,9
BRDA:41,4,0,12
BRDA:41,5,0,16
BRDA:41,5,1,14
BRDA:108,6,0,1
BRDA:108,6,1,3
BRDA:125,7,0,4
BRDA:125,7,1,3
BRF:14
BRH:14
end_of_record
TN:
SF:src\tools\cross-reference.ts
FN:58,(anonymous_0)
FN:99,(anonymous_1)
FN:125,(anonymous_2)
FN:168,(anonymous_3)
FNF:4
FNH:0
FNDA:0,(anonymous_0)
FNDA:0,(anonymous_1)
FNDA:0,(anonymous_2)
FNDA:0,(anonymous_3)
DA:42,0
DA:59,0
DA:60,0
DA:61,0
DA:64,0
DA:69,0
DA:71,0
DA:84,0
DA:100,0
DA:101,0
DA:102,0
DA:105,0
DA:106,0
DA:108,0
DA:109,0
DA:110,0
DA:112,0
DA:113,0
DA:118,0
DA:122,0
DA:125,0
DA:136,0
DA:169,0
DA:171,0
DA:173,0
DA:174,0
DA:175,0
DA:176,0
DA:180,0
DA:181,0
DA:182,0
DA:183,0
DA:187,0
DA:188,0
DA:189,0
DA:190,0
DA:194,0
DA:195,0
DA:196,0
DA:197,0
DA:201,0
DA:208,0
LF:42
LH:0
BRDA:60,0,0,0
BRDA:64,1,0,0
BRDA:64,1,1,0
BRDA:74,2,0,0
BRDA:74,2,1,0
BRDA:75,3,0,0
BRDA:75,3,1,0
BRDA:76,4,0,0
BRDA:76,4,1,0
BRDA:101,5,0,0
BRDA:108,6,0,0
BRDA:108,6,1,0
BRDA:112,7,0,0
BRDA:112,7,1,0
BRDA:173,8,0,0
BRDA:180,9,0,0
BRDA:187,10,0,0
BRDA:187,11,0,0
BRDA:187,11,1,0
BRDA:194,12,0,0
BRF:20
BRH:0
end_of_record
TN:
SF:src\tools\file-watcher.ts
FN:21,(anonymous_0)
FN:54,(anonymous_1)
FN:55,(anonymous_2)
FN:78,(anonymous_3)
FN:105,(anonymous_4)
FN:111,(anonymous_5)
FNF:6
FNH:0
FNDA:0,(anonymous_0)
FNDA:0,(anonymous_1)
FNDA:0,(anonymous_2)
FNDA:0,(anonymous_3)
FNDA:0,(anonymous_4)
FNDA:0,(anonymous_5)
DA:4,0
DA:22,0
DA:25,0
DA:26,0
DA:27,0
DA:33,0
DA:34,0
DA:35,0
DA:36,0
DA:41,0
DA:47,0
DA:48,0
DA:54,0
DA:55,0
DA:58,0
DA:59,0
DA:64,0
DA:71,0
DA:79,0
DA:80,0
DA:85,0
DA:86,0
DA:87,0
DA:91,0
DA:98,0
DA:106,0
DA:107,0
DA:109,0
DA:111,0
LF:29
LH:0
BRDA:26,0,0,0
BRDA:33,1,0,0
BRDA:35,2,0,0
BRDA:79,3,0,0
BRF:4
BRH:0
end_of_record
TN:
SF:src\tools\pairing.ts
FN:64,(anonymous_0)
FN:97,(anonymous_1)
FN:114,(anonymous_2)
FN:132,(anonymous_3)
FN:157,(anonymous_4)
FNF:5
FNH:0
FNDA:0,(anonymous_0)
FNDA:0,(anonymous_1)
FNDA:0,(anonymous_2)
FNDA:0,(anonymous_3)
FNDA:0,(anonymous_4)
DA:39,0
DA:65,0
DA:66,0
DA:77,0
DA:78,0
DA:80,0
DA:87,0
DA:98,0
DA:99,0
DA:100,0
DA:107,0
DA:115,0
DA:122,0
DA:133,0
DA:134,0
DA:144,0
DA:158,0
DA:164,0
DA:165,0
DA:168,0
DA:169,0
DA:176,0
LF:22
LH:0
BRDA:70,0,0,0
BRDA:70,0,1,0
BRDA:71,1,0,0
BRDA:71,1,1,0
BRDA:72,2,0,0
BRDA:72,2,1,0
BRDA:134,3,0,0
BRDA:134,3,1,0
BRDA:164,4,0,0
BRF:9
BRH:0
end_of_record
TN:
SF:src\tools\queue.ts
FN:11,(anonymous_0)
FN:33,(anonymous_1)
FN:53,(anonymous_2)
FN:70,(anonymous_3)
FN:93,(anonymous_4)
FN:115,(anonymous_5)
FNF:6
FNH:0
FNDA:0,(anonymous_0)
FNDA:0,(anonymous_1)
FNDA:0,(anonymous_2)
FNDA:0,(anonymous_3)
FNDA:0,(anonymous_4)
FNDA:0,(anonymous_5)
DA:4,0
DA:12,0
DA:13,0
DA:18,0
DA:19,0
DA:26,0
DA:34,0
DA:35,0
DA:40,0
DA:41,0
DA:43,0
DA:44,0
DA:49,0
DA:51,0
DA:53,0
DA:63,0
DA:71,0
DA:72,0
DA:77,0
DA:78,0
DA:80,0
DA:86,0
DA:94,0
DA:95,0
DA:100,0
DA:102,0
DA:108,0
DA:116,0
DA:117,0
DA:122,0
DA:124,0
DA:130,0
LF:32
LH:0
BRDA:12,0,0,0
BRDA:34,1,0,0
BRDA:43,2,0,0
BRDA:71,3,0,0
BRDA:94,4,0,0
BRDA:116,5,0,0
BRF:6
BRH:0
end_of_record
TN:
SF:src\tools\registry.ts
FN:26,createToolRegistry
FN:48,getToolSchemas
FN:51,(anonymous_2)
FN:71,executeTool
FN:94,createGlobalRegistry
FNF:5
FNH:0
FNDA:0,createToolRegistry
FNDA:0,getToolSchemas
FNDA:0,(anonymous_2)
FNDA:0,executeTool
FNDA:0,createGlobalRegistry
DA:27,0
DA:29,0
DA:30,0
DA:31,0
DA:33,0
DA:36,0
DA:51,0
DA:77,0
DA:79,0
DA:80,0
DA:83,0
DA:95,0
LF:12
LH:0
BRDA:30,0,0,0
BRDA:79,1,0,0
BRF:2
BRH:0
end_of_record
TN:
SF:src\tools\sync.ts
FN:88,(anonymous_0)
FN:179,(anonymous_1)
FNF:2
FNH:0
FNDA:0,(anonymous_0)
FNDA:0,(anonymous_1)
DA:70,0
DA:89,0
DA:90,0
DA:91,0
DA:95,0
DA:98,0
DA:99,0
DA:112,0
DA:113,0
DA:119,0
DA:121,0
DA:131,0
DA:134,0
DA:135,0
DA:136,0
DA:138,0
DA:141,0
DA:146,0
DA:153,0
DA:180,0
DA:181,0
DA:182,0
DA:185,0
DA:188,0
DA:189,0
DA:192,0
DA:207,0
LF:27
LH:0
BRDA:90,0,0,0
BRDA:98,1,0,0
BRDA:112,2,0,0
BRDA:181,3,0,0
BRDA:185,4,0,0
BRDA:185,4,1,0
BRDA:188,5,0,0
BRDA:193,6,0,0
BRDA:193,6,1,0
BRF:9
BRH:0
end_of_record
TN:
SF:src\tools\vault.ts
FN:52,(anonymous_0)
FN:87,(anonymous_1)
FN:99,(anonymous_2)
FN:100,(anonymous_3)
FNF:4
FNH:0
FNDA:0,(anonymous_0)
FNDA:0,(anonymous_1)
FNDA:0,(anonymous_2)
FNDA:0,(anonymous_3)
DA:41,0
DA:53,0
DA:54,0
DA:55,0
DA:58,0
DA:63,0
DA:65,0
DA:77,0
DA:88,0
DA:89,0
DA:90,0
DA:94,0
DA:95,0
DA:98,0
DA:99,0
DA:100,0
DA:106,0
DA:117,0
LF:18
LH:0
BRDA:54,0,0,0
BRDA:58,1,0,0
BRDA:58,1,1,0
BRDA:89,2,0,0
BRDA:103,3,0,0
BRDA:103,3,1,0
BRF:6
BRH:0
end_of_record
